[65076][1574515181962][main][info]["Booting Postman 7.11.0, linux-4.19.0-5-amd64 on x64"]
[65076][1574515181965][main][info]["EventBus~initialize - Success"]
[65076][1574515181973][main][info]["UpdateHandler~init - Success"]
[65076][1574515181976][main][info]["RuntimeExecutionService~initialized: Success"]
[65076][1574515181978][main][info]["LinuxAutoUpdater~Cleanup - Initial cleanup successful"]
[65076][1574515182229][main][info]["Bootstrap-models~bootstrap - Success"]
[65076][1574515182340][main][info]["window-manager~newSharedWindow: Shell loaded"]
[65076][1574515183897][main][info]["Main~AppEvents - Received booted event for process shared"]
[65076][1574515185423][main][info]["UpdateHandler~app-update-events - Received event",{"name":"checkForElectronVersionUpdated","namespace":"appUpdate"}]
[65076][1574515185430][main][info]["Main~AppEvents - Received booted event for process requester"]
[65076][1574515193781][main][info]["Main~AppEvents - Received booted event for process runner"]
[65076][1574515195682][main][info]["WindowManager~closeHandler - Closed Window (id: 5 )"]
[65076][1574515196065][main][info]["UpdateHandler~app-update-events - Received event",{"data":{"additionalParamsString":"installationId=95c98f94-4330-4e11-bae0-b94ae0c54340&userId=0&syncEnabled=false&teamPlan=","appId":"95c98f94-4330-4e11-bae0-b94ae0c54340","arch":"64","channel":"stable","downloadURL":"https://dl.pstmn.io/download/version/7.12.0/linux_64","downloadVersion":"7.12.0","platform":"LINUX","updateServerDomain":"https://dl.pstmn.io/","userAgent":"Mozilla/5.0 (X11; Linux x86_64) AppleWebKit/537.36 (KHTML, like Gecko) Postman/7.11.0 Chrome/66.0.3359.181 Electron/3.1.8 Safari/537.36","userId":"0","version":"7.11.0"},"name":"updateElectron","namespace":"appUpdate"}]
[65076][1574515196066][main][info]["LinuxUpdater~downloadUpdate - UpdateInfo received",{"additionalParamsString":"installationId=95c98f94-4330-4e11-bae0-b94ae0c54340&userId=0&syncEnabled=false&teamPlan=","appId":"95c98f94-4330-4e11-bae0-b94ae0c54340","arch":"64","channel":"stable","downloadURL":"https://dl.pstmn.io/download/version/7.12.0/linux_64","downloadVersion":"7.12.0","platform":"LINUX","updateServerDomain":"https://dl.pstmn.io/","userAgent":"Mozilla/5.0 (X11; Linux x86_64) AppleWebKit/537.36 (KHTML, like Gecko) Postman/7.11.0 Chrome/66.0.3359.181 Electron/3.1.8 Safari/537.36","userId":"0","version":"7.11.0"}]
[65076][1574515210731][main][info]["@postman/app-updater: Update updateDownloaded","","Postman","","https://dl.pstmn.io/download/version/7.12.0/linux_64","7.12.0"]
[65076][1574515210732][main][info]["UpdateHandler~app-update-events - Received event",{"name":"electronAppUpdateDownloaded","namespace":"appUpdate","data":{"name":"Postman","notes":"","date":"","URL":"https://dl.pstmn.io/download/version/7.12.0/linux_64","downloadVersion":"7.12.0"}}]
[65076][1574530253051][main][info]["WindowManager~closeHandler - Closed Window (id: 4 )"]
[65076][1574530253120][main][info]["Quitting app"]
[65076][1574530253142][main][info]["Applying update and quit the app"]
[65076][1574530253147][main][info]["@postman/app-updater: quitting app to update"]
[65076][1574530253147][main][info]["LinuxAutoUpdater~quitAndInstall - Initiated"]
[65076][1574530253148][main][info]["LinuxAutoUpdater~quitAndInstall - Quitting for update"]
[24709][1574600420616][main][info]["Booting Postman 7.12.0, linux-4.19.0-5-amd64 on x64"]
[24709][1574600420619][main][info]["EventBus~initialize - Success"]
[24709][1574600420627][main][info]["UpdateHandler~init - Success"]
[24709][1574600420629][main][info]["RuntimeExecutionService~initialized: Success"]
[24709][1574600424272][main][info]["window-manager~newSharedWindow: Shell loaded"]
[24709][1574600425507][main][info]["Bootstrap-models~bootstrap - Success"]
[24709][1574600425507][main][info]["LinuxAutoUpdater~Cleanup - Initial cleanup successful"]
[24709][1574600426264][main][info]["Main~AppEvents - Received booted event for process shared"]
[24709][1574600427847][main][info]["UpdateHandler~app-update-events - Received event",{"name":"checkForElectronVersionUpdated","namespace":"appUpdate"}]
[24709][1574600427850][main][info]["@postman/app-updater: version Updated","7.11.0","7.12.0"]
[24709][1574600427850][main][info]["UpdateHandler~app-update-events - Received event",{"name":"electronVersionUpdated","namespace":"appUpdate","data":{"lastKnownVersion":"7.11.0","currentVersion":"7.12.0"}}]
[24709][1574600427857][main][info]["Main~AppEvents - Received booted event for process requester"]
[24709][1574600638105][main][info]["Quitting app"]
[25191][1574600642873][main][info]["Booting Postman 7.12.0, linux-4.19.0-5-amd64 on x64"]
[25191][1574600642876][main][info]["EventBus~initialize - Success"]
[25191][1574600642883][main][info]["UpdateHandler~init - Success"]
[25191][1574600642886][main][info]["RuntimeExecutionService~initialized: Success"]
[25191][1574600642887][main][info]["LinuxAutoUpdater~Cleanup - Initial cleanup successful"]
[25191][1574600643221][main][info]["Bootstrap-models~bootstrap - Success"]
[25191][1574600643285][main][info]["window-manager~newSharedWindow: Shell loaded"]
[25191][1574600644451][main][info]["Main~AppEvents - Received booted event for process shared"]
[25191][1574600646046][main][info]["UpdateHandler~app-update-events - Received event",{"name":"checkForElectronVersionUpdated","namespace":"appUpdate"}]
[25191][1574600646053][main][info]["Main~AppEvents - Received booted event for process requester"]
[42030][1574605447961][main][info]["Booting Postman 7.12.0, linux-4.19.0-5-amd64 on x64"]
[42030][1574605447964][main][info]["EventBus~initialize - Success"]
[42030][1574605447971][main][info]["UpdateHandler~init - Success"]
[42030][1574605447974][main][info]["RuntimeExecutionService~initialized: Success"]
[42030][1574605447975][main][info]["LinuxAutoUpdater~Cleanup - Initial cleanup successful"]
[42030][1574605448113][main][info]["Bootstrap-models~bootstrap - Success"]
[42030][1574605448357][main][info]["window-manager~newSharedWindow: Shell loaded"]
[42030][1574605449565][main][info]["Main~AppEvents - Received booted event for process shared"]
[42030][1574605451077][main][info]["UpdateHandler~app-update-events - Received event",{"name":"checkForElectronVersionUpdated","namespace":"appUpdate"}]
[42030][1574605451083][main][info]["Main~AppEvents - Received booted event for process requester"]
[23656][1574665730821][main][info]["Booting Postman 7.12.0, linux-4.19.0-5-amd64 on x64"]
[23656][1574665730824][main][info]["EventBus~initialize - Success"]
[23656][1574665730831][main][info]["UpdateHandler~init - Success"]
[23656][1574665730835][main][info]["RuntimeExecutionService~initialized: Success"]
[23656][1574665730836][main][info]["LinuxAutoUpdater~Cleanup - Initial cleanup successful"]
[23656][1574665731773][main][info]["Bootstrap-models~bootstrap - Success"]
[23656][1574665732756][main][info]["window-manager~newSharedWindow: Shell loaded"]
[23656][1574665734277][main][info]["Main~AppEvents - Received booted event for process shared"]
[23656][1574665736091][main][info]["UpdateHandler~app-update-events - Received event",{"name":"checkForElectronVersionUpdated","namespace":"appUpdate"}]
[23656][1574665736104][main][info]["Main~AppEvents - Received booted event for process requester"]
[23656][1574678719128][main][info]["WindowManager~closeHandler - Closed Window (id: 3 )"]
[23656][1574678719138][main][info]["Quitting app"]
[67652][1574688395103][main][info]["Booting Postman 7.12.0, linux-4.19.0-5-amd64 on x64"]
[67652][1574688395105][main][info]["EventBus~initialize - Success"]
[67652][1574688395114][main][info]["UpdateHandler~init - Success"]
[67652][1574688395116][main][info]["RuntimeExecutionService~initialized: Success"]
[67652][1574688395118][main][info]["LinuxAutoUpdater~Cleanup - Initial cleanup successful"]
[67652][1574688395311][main][info]["Bootstrap-models~bootstrap - Success"]
[67652][1574688395526][main][info]["window-manager~newSharedWindow: Shell loaded"]
[67652][1574688396825][main][info]["Main~AppEvents - Received booted event for process shared"]
[67652][1574688398520][main][info]["UpdateHandler~app-update-events - Received event",{"name":"checkForElectronVersionUpdated","namespace":"appUpdate"}]
[67652][1574688398526][main][info]["Main~AppEvents - Received booted event for process requester"]
[67652][1574695819529][main][info]["WindowManager~closeHandler - Closed Window (id: 3 )"]
[67652][1574695819555][main][info]["Quitting app"]
[46068][1574768436051][main][info]["Booting Postman 7.12.0, linux-4.19.0-5-amd64 on x64"]
[46068][1574768436061][main][info]["EventBus~initialize - Success"]
[46068][1574768436076][main][info]["UpdateHandler~init - Success"]
[46068][1574768436079][main][info]["RuntimeExecutionService~initialized: Success"]
[46068][1574768436081][main][info]["LinuxAutoUpdater~Cleanup - Initial cleanup successful"]
[46068][1574768437003][main][info]["Bootstrap-models~bootstrap - Success"]
[46068][1574768437917][main][info]["window-manager~newSharedWindow: Shell loaded"]
[46068][1574768439446][main][info]["Main~AppEvents - Received booted event for process shared"]
[46068][1574768441154][main][info]["UpdateHandler~app-update-events - Received event",{"name":"checkForElectronVersionUpdated","namespace":"appUpdate"}]
[46068][1574768441161][main][info]["Main~AppEvents - Received booted event for process requester"]
[46068][1574769525103][main][info]["WindowManager~closeHandler - Closed Window (id: 3 )"]
[46068][1574769525111][main][info]["Quitting app"]
