[65076][1574515182332][shell][info]["EventBus~initialize - Success"]
[65076][1574515182335][shell][info]["shellController~init: Success"]
[65076][1574515182335][shell][info]["shellMeta~init: Success"]
[65076][1574515182346][shell][info]["init~setViewAttributes - Initializing view with opts:",{"devtools":false,"id":2,"startTime":1574515182047,"type":"shared","partitionId":"default"}]
[65076][1574515182347][shell][info]["init~setViewAttributes - Success"]
[65076][1574515184129][shell][info]["EventBus~initialize - Success"]
[65076][1574515184133][shell][info]["shellController~init: Success"]
[65076][1574515184133][shell][info]["shellMeta~init: Success"]
[65076][1574515184141][shell][info]["init~setViewAttributes - Initializing view with opts:",{"allIds":[4],"devtools":false,"id":4,"primaryId":4,"startTime":1574515183923,"type":"requester","partitionId":"default"}]
[65076][1574515184143][shell][info]["init~setViewAttributes - Success"]
[65076][1574515192496][shell][info]["EventBus~initialize - Success"]
[65076][1574515192500][shell][info]["shellController~init: Success"]
[65076][1574515192500][shell][info]["shellMeta~init: Success"]
[65076][1574515192511][shell][info]["init~setViewAttributes - Initializing view with opts:",{"devtools":false,"id":5,"startTime":1574515192270,"type":"runner","partitionId":"default"}]
[65076][1574515192513][shell][info]["init~setViewAttributes - Success"]
[24709][1574600424196][shell][info]["EventBus~initialize - Success"]
[24709][1574600424200][shell][info]["shellController~init: Success"]
[24709][1574600424201][shell][info]["shellMeta~init: Success"]
[24709][1574600424304][shell][info]["init~setViewAttributes - Initializing view with opts:",{"devtools":false,"id":2,"startTime":1574600421275,"type":"shared","partitionId":"default"}]
[24709][1574600424312][shell][info]["init~setViewAttributes - Success"]
[24709][1574600426525][shell][info]["EventBus~initialize - Success"]
[24709][1574600426528][shell][info]["shellController~init: Success"]
[24709][1574600426528][shell][info]["shellMeta~init: Success"]
[24709][1574600426538][shell][info]["init~setViewAttributes - Initializing view with opts:",{"allIds":[3],"devtools":false,"id":3,"primaryId":3,"startTime":1574600426285,"type":"requester","partitionId":"default"}]
[24709][1574600426539][shell][info]["init~setViewAttributes - Success"]
[25191][1574600643276][shell][info]["EventBus~initialize - Success"]
[25191][1574600643280][shell][info]["shellController~init: Success"]
[25191][1574600643280][shell][info]["shellMeta~init: Success"]
[25191][1574600643290][shell][info]["init~setViewAttributes - Initializing view with opts:",{"devtools":false,"id":2,"startTime":1574600642961,"type":"shared","partitionId":"default"}]
[25191][1574600643292][shell][info]["init~setViewAttributes - Success"]
[25191][1574600644764][shell][info]["EventBus~initialize - Success"]
[25191][1574600644767][shell][info]["shellController~init: Success"]
[25191][1574600644768][shell][info]["shellMeta~init: Success"]
[25191][1574600644781][shell][info]["init~setViewAttributes - Initializing view with opts:",{"allIds":[3],"devtools":false,"id":3,"primaryId":3,"startTime":1574600644477,"type":"requester","partitionId":"default"}]
[25191][1574600644784][shell][info]["init~setViewAttributes - Success"]
[42030][1574605448348][shell][info]["EventBus~initialize - Success"]
[42030][1574605448352][shell][info]["shellController~init: Success"]
[42030][1574605448352][shell][info]["shellMeta~init: Success"]
[42030][1574605448364][shell][info]["init~setViewAttributes - Initializing view with opts:",{"devtools":false,"id":2,"startTime":1574605448045,"type":"shared","partitionId":"default"}]
[42030][1574605448366][shell][info]["init~setViewAttributes - Success"]
[42030][1574605449808][shell][info]["EventBus~initialize - Success"]
[42030][1574605449811][shell][info]["shellController~init: Success"]
[42030][1574605449812][shell][info]["shellMeta~init: Success"]
[42030][1574605449820][shell][info]["init~setViewAttributes - Initializing view with opts:",{"allIds":[3],"devtools":false,"id":3,"primaryId":3,"startTime":1574605449588,"type":"requester","partitionId":"default"}]
[42030][1574605449821][shell][info]["init~setViewAttributes - Success"]
[23656][1574665732720][shell][info]["EventBus~initialize - Success"]
[23656][1574665732724][shell][info]["shellController~init: Success"]
[23656][1574665732724][shell][info]["shellMeta~init: Success"]
[23656][1574665732760][shell][info]["init~setViewAttributes - Initializing view with opts:",{"devtools":false,"id":2,"startTime":1574665731476,"type":"shared","partitionId":"default"}]
[23656][1574665732762][shell][info]["init~setViewAttributes - Success"]
[23656][1574665734584][shell][info]["EventBus~initialize - Success"]
[23656][1574665734588][shell][info]["shellController~init: Success"]
[23656][1574665734588][shell][info]["shellMeta~init: Success"]
[23656][1574665734600][shell][info]["init~setViewAttributes - Initializing view with opts:",{"allIds":[3],"devtools":false,"id":3,"primaryId":3,"startTime":1574665734311,"type":"requester","partitionId":"default"}]
[23656][1574665734601][shell][info]["init~setViewAttributes - Success"]
[67652][1574688395515][shell][info]["EventBus~initialize - Success"]
[67652][1574688395519][shell][info]["shellController~init: Success"]
[67652][1574688395519][shell][info]["shellMeta~init: Success"]
[67652][1574688395529][shell][info]["init~setViewAttributes - Initializing view with opts:",{"devtools":false,"id":2,"startTime":1574688395185,"type":"shared","partitionId":"default"}]
[67652][1574688395529][shell][info]["init~setViewAttributes - Success"]
[67652][1574688397185][shell][info]["EventBus~initialize - Success"]
[67652][1574688397197][shell][info]["shellController~init: Success"]
[67652][1574688397197][shell][info]["shellMeta~init: Success"]
[67652][1574688397211][shell][info]["init~setViewAttributes - Initializing view with opts:",{"allIds":[3],"devtools":false,"id":3,"primaryId":3,"startTime":1574688396850,"type":"requester","partitionId":"default"}]
[67652][1574688397212][shell][info]["init~setViewAttributes - Success"]
[46068][1574768437884][shell][info]["EventBus~initialize - Success"]
[46068][1574768437887][shell][info]["shellController~init: Success"]
[46068][1574768437887][shell][info]["shellMeta~init: Success"]
[46068][1574768437922][shell][info]["init~setViewAttributes - Initializing view with opts:",{"devtools":false,"id":2,"startTime":1574768436712,"type":"shared","partitionId":"default"}]
[46068][1574768437924][shell][info]["init~setViewAttributes - Success"]
[46068][1574768439792][shell][info]["EventBus~initialize - Success"]
[46068][1574768439795][shell][info]["shellController~init: Success"]
[46068][1574768439795][shell][info]["shellMeta~init: Success"]
[46068][1574768439825][shell][info]["init~setViewAttributes - Initializing view with opts:",{"allIds":[3],"devtools":false,"id":3,"primaryId":3,"startTime":1574768439470,"type":"requester","partitionId":"default"}]
[46068][1574768439828][shell][info]["init~setViewAttributes - Success"]
