[65076][1574515185270][requester][info]["EventBus~initialize - Success"]
[65076][1574515185272][requester][info]["Messaging~boot - Success"]
[65076][1574515185284][requester][info]["bootCrashReporter~ Success"]
[65076][1574515185285][requester][info]["Telemetry~boot - Success"]
[65076][1574515185286][requester][info]["bootConfigurations~initialize - Success"]
[65076][1574515185287][requester][info]["Settings~boot - Success"]
[65076][1574515185332][requester][info]["bootstrapModels - Success"]
[65076][1574515185332][requester][info]["WLModels~boot - Success"]
[65076][1574515185396][requester][info]["Session~boot - Success"]
[65076][1574515185398][requester][info]["IndependentServices~boot - Success"]
[65076][1574515185409][requester][info]["AppModels~boot - Success"]
[65076][1574515185409][requester][info]["RuntimeListeners~boot- Success"]
[65076][1574515185409][requester][info]["DBWatcher~boot - Success"]
[65076][1574515185411][requester][info]["ThemeManager~boot - Success"]
[65076][1574515185412][requester][info]["InAppMessaging~boot - Success"]
[65076][1574515185412][requester][info]["Store~boot - Success"]
[65076][1574515185414][requester][info]["Shortcuts~boot - Success"]
[65076][1574515185414][requester][info]["SyncProxy~boot - Success"]
[65076][1574515185422][requester][info]["NewConsole~boot - Success"]
[65076][1574515185429][requester][info]["Requester~boot - Success"]
[65076][1574515185430][requester][info]["booted - requester"]
[24709][1574600427686][requester][info]["EventBus~initialize - Success"]
[24709][1574600427688][requester][info]["Messaging~boot - Success"]
[24709][1574600427724][requester][info]["bootCrashReporter~ Success"]
[24709][1574600427725][requester][info]["Telemetry~boot - Success"]
[24709][1574600427725][requester][info]["bootConfigurations~initialize - Success"]
[24709][1574600427728][requester][info]["Settings~boot - Success"]
[24709][1574600427773][requester][info]["bootstrapModels - Success"]
[24709][1574600427773][requester][info]["WLModels~boot - Success"]
[24709][1574600427816][requester][info]["Session~boot - Success"]
[24709][1574600427819][requester][info]["IndependentServices~boot - Success"]
[24709][1574600427830][requester][info]["AppModels~boot - Success"]
[24709][1574600427830][requester][info]["RuntimeListeners~boot- Success"]
[24709][1574600427830][requester][info]["DBWatcher~boot - Success"]
[24709][1574600427833][requester][info]["ThemeManager~boot - Success"]
[24709][1574600427833][requester][info]["Store~boot - Success"]
[24709][1574600427834][requester][info]["Shortcuts~boot - Success"]
[24709][1574600427835][requester][info]["SyncProxy~boot - Success"]
[24709][1574600427845][requester][info]["NewConsole~boot - Success"]
[24709][1574600427852][requester][info]["Requester~boot - Success"]
[24709][1574600427852][requester][info]["booted - requester"]
[25191][1574600645903][requester][info]["EventBus~initialize - Success"]
[25191][1574600645905][requester][info]["Messaging~boot - Success"]
[25191][1574600645924][requester][info]["bootCrashReporter~ Success"]
[25191][1574600645925][requester][info]["Telemetry~boot - Success"]
[25191][1574600645926][requester][info]["bootConfigurations~initialize - Success"]
[25191][1574600645927][requester][info]["Settings~boot - Success"]
[25191][1574600645969][requester][info]["bootstrapModels - Success"]
[25191][1574600645969][requester][info]["WLModels~boot - Success"]
[25191][1574600646008][requester][info]["Session~boot - Success"]
[25191][1574600646010][requester][info]["IndependentServices~boot - Success"]
[25191][1574600646023][requester][info]["AppModels~boot - Success"]
[25191][1574600646023][requester][info]["RuntimeListeners~boot- Success"]
[25191][1574600646023][requester][info]["DBWatcher~boot - Success"]
[25191][1574600646025][requester][info]["ThemeManager~boot - Success"]
[25191][1574600646025][requester][info]["Store~boot - Success"]
[25191][1574600646027][requester][info]["Shortcuts~boot - Success"]
[25191][1574600646028][requester][info]["SyncProxy~boot - Success"]
[25191][1574600646042][requester][info]["NewConsole~boot - Success"]
[25191][1574600646051][requester][info]["Requester~boot - Success"]
[25191][1574600646051][requester][info]["booted - requester"]
[25191][1574600646383][requester][warn]["Failed to subscribe to workspace for all APIs",{"name":"Error","message":"","stack":"Error\n    at SafeSubscriber.realtimeRequest$.pipe.subscribe.event [as _next] (file:///media/Linux-HDD-Data/PortableApps/Postman/app/resources/app/js/vendor-shared.js:397115:24)\n    at SafeSubscriber.__tryOrUnsub (file:///media/Linux-HDD-Data/PortableApps/Postman/app/resources/app/js/vendor-shared.js:42001:16)\n    at SafeSubscriber.next (file:///media/Linux-HDD-Data/PortableApps/Postman/app/resources/app/js/vendor-shared.js:41939:22)\n    at Subscriber._next (file:///media/Linux-HDD-Data/PortableApps/Postman/app/resources/app/js/vendor-shared.js:41882:26)\n    at Subscriber.next (file:///media/Linux-HDD-Data/PortableApps/Postman/app/resources/app/js/vendor-shared.js:41859:18)\n    at FilterSubscriber._next (file:///media/Linux-HDD-Data/PortableApps/Postman/app/resources/app/js/vendor-shared.js:144711:30)\n    at FilterSubscriber.Subscriber.next (file:///media/Linux-HDD-Data/PortableApps/Postman/app/resources/app/js/vendor-shared.js:41859:18)\n    at RefCountSubscriber.Subscriber._next (file:///media/Linux-HDD-Data/PortableApps/Postman/app/resources/app/js/vendor-shared.js:41882:26)\n    at RefCountSubscriber.Subscriber.next (file:///media/Linux-HDD-Data/PortableApps/Postman/app/resources/app/js/vendor-shared.js:41859:18)\n    at Subject.next (file:///media/Linux-HDD-Data/PortableApps/Postman/app/resources/app/js/vendor-shared.js:75700:25)\n    at ConnectableSubscriber.Subscriber._next (file:///media/Linux-HDD-Data/PortableApps/Postman/app/resources/app/js/vendor-shared.js:41882:26)\n    at ConnectableSubscriber.Subscriber.next (file:///media/Linux-HDD-Data/PortableApps/Postman/app/resources/app/js/vendor-shared.js:41859:18)\n    at EventEmitter.realtimeRequestBus.subscribe.event (file:///media/Linux-HDD-Data/PortableApps/Postman/app/resources/app/js/vendor-shared.js:397062:14)\n    at EventEmitter.emit (file:///media/Linux-HDD-Data/PortableApps/Postman/app/resources/app/js/vendor-shared.js:50085:5)\n    at _dispatch (file:///media/Linux-HDD-Data/PortableApps/Postman/app/resources/app/js/vendor-shared.js:143288:14)\n    at EventEmitter.<anonymous> (file:///media/Linux-HDD-Data/PortableApps/Postman/app/resources/app/js/vendor-shared.js:143298:9)\n    at EventEmitter.emit (events.js:182:13)"}]
[42030][1574605450933][requester][info]["EventBus~initialize - Success"]
[42030][1574605450935][requester][info]["Messaging~boot - Success"]
[42030][1574605450947][requester][info]["bootCrashReporter~ Success"]
[42030][1574605450948][requester][info]["Telemetry~boot - Success"]
[42030][1574605450949][requester][info]["bootConfigurations~initialize - Success"]
[42030][1574605450951][requester][info]["Settings~boot - Success"]
[42030][1574605450995][requester][info]["bootstrapModels - Success"]
[42030][1574605450995][requester][info]["WLModels~boot - Success"]
[42030][1574605451045][requester][info]["Session~boot - Success"]
[42030][1574605451048][requester][info]["IndependentServices~boot - Success"]
[42030][1574605451060][requester][info]["AppModels~boot - Success"]
[42030][1574605451060][requester][info]["RuntimeListeners~boot- Success"]
[42030][1574605451060][requester][info]["DBWatcher~boot - Success"]
[42030][1574605451062][requester][info]["ThemeManager~boot - Success"]
[42030][1574605451062][requester][info]["Store~boot - Success"]
[42030][1574605451065][requester][info]["Shortcuts~boot - Success"]
[42030][1574605451065][requester][info]["SyncProxy~boot - Success"]
[42030][1574605451075][requester][info]["NewConsole~boot - Success"]
[42030][1574605451081][requester][info]["Requester~boot - Success"]
[42030][1574605451082][requester][info]["booted - requester"]
[42030][1574605451418][requester][warn]["Failed to subscribe to workspace for all APIs",{"name":"Error","message":"","stack":"Error\n    at SafeSubscriber.realtimeRequest$.pipe.subscribe.event [as _next] (file:///media/Linux-HDD-Data/PortableApps/Postman/app/resources/app/js/vendor-shared.js:397115:24)\n    at SafeSubscriber.__tryOrUnsub (file:///media/Linux-HDD-Data/PortableApps/Postman/app/resources/app/js/vendor-shared.js:42001:16)\n    at SafeSubscriber.next (file:///media/Linux-HDD-Data/PortableApps/Postman/app/resources/app/js/vendor-shared.js:41939:22)\n    at Subscriber._next (file:///media/Linux-HDD-Data/PortableApps/Postman/app/resources/app/js/vendor-shared.js:41882:26)\n    at Subscriber.next (file:///media/Linux-HDD-Data/PortableApps/Postman/app/resources/app/js/vendor-shared.js:41859:18)\n    at FilterSubscriber._next (file:///media/Linux-HDD-Data/PortableApps/Postman/app/resources/app/js/vendor-shared.js:144711:30)\n    at FilterSubscriber.Subscriber.next (file:///media/Linux-HDD-Data/PortableApps/Postman/app/resources/app/js/vendor-shared.js:41859:18)\n    at RefCountSubscriber.Subscriber._next (file:///media/Linux-HDD-Data/PortableApps/Postman/app/resources/app/js/vendor-shared.js:41882:26)\n    at RefCountSubscriber.Subscriber.next (file:///media/Linux-HDD-Data/PortableApps/Postman/app/resources/app/js/vendor-shared.js:41859:18)\n    at Subject.next (file:///media/Linux-HDD-Data/PortableApps/Postman/app/resources/app/js/vendor-shared.js:75700:25)\n    at ConnectableSubscriber.Subscriber._next (file:///media/Linux-HDD-Data/PortableApps/Postman/app/resources/app/js/vendor-shared.js:41882:26)\n    at ConnectableSubscriber.Subscriber.next (file:///media/Linux-HDD-Data/PortableApps/Postman/app/resources/app/js/vendor-shared.js:41859:18)\n    at EventEmitter.realtimeRequestBus.subscribe.event (file:///media/Linux-HDD-Data/PortableApps/Postman/app/resources/app/js/vendor-shared.js:397062:14)\n    at EventEmitter.emit (file:///media/Linux-HDD-Data/PortableApps/Postman/app/resources/app/js/vendor-shared.js:50085:5)\n    at _dispatch (file:///media/Linux-HDD-Data/PortableApps/Postman/app/resources/app/js/vendor-shared.js:143288:14)\n    at EventEmitter.<anonymous> (file:///media/Linux-HDD-Data/PortableApps/Postman/app/resources/app/js/vendor-shared.js:143298:9)\n    at EventEmitter.emit (events.js:182:13)"}]
[23656][1574665735857][requester][info]["EventBus~initialize - Success"]
[23656][1574665735859][requester][info]["Messaging~boot - Success"]
[23656][1574665735892][requester][info]["bootCrashReporter~ Success"]
[23656][1574665735893][requester][info]["Telemetry~boot - Success"]
[23656][1574665735893][requester][info]["bootConfigurations~initialize - Success"]
[23656][1574665735895][requester][info]["Settings~boot - Success"]
[23656][1574665735945][requester][info]["bootstrapModels - Success"]
[23656][1574665735945][requester][info]["WLModels~boot - Success"]
[23656][1574665736041][requester][info]["Session~boot - Success"]
[23656][1574665736044][requester][info]["IndependentServices~boot - Success"]
[23656][1574665736062][requester][info]["AppModels~boot - Success"]
[23656][1574665736062][requester][info]["RuntimeListeners~boot- Success"]
[23656][1574665736062][requester][info]["DBWatcher~boot - Success"]
[23656][1574665736067][requester][info]["ThemeManager~boot - Success"]
[23656][1574665736067][requester][info]["Store~boot - Success"]
[23656][1574665736069][requester][info]["Shortcuts~boot - Success"]
[23656][1574665736070][requester][info]["SyncProxy~boot - Success"]
[23656][1574665736088][requester][info]["NewConsole~boot - Success"]
[23656][1574665736104][requester][info]["Requester~boot - Success"]
[23656][1574665736104][requester][info]["booted - requester"]
[67652][1574688398376][requester][info]["EventBus~initialize - Success"]
[67652][1574688398377][requester][info]["Messaging~boot - Success"]
[67652][1574688398389][requester][info]["bootCrashReporter~ Success"]
[67652][1574688398390][requester][info]["Telemetry~boot - Success"]
[67652][1574688398391][requester][info]["bootConfigurations~initialize - Success"]
[67652][1574688398393][requester][info]["Settings~boot - Success"]
[67652][1574688398436][requester][info]["bootstrapModels - Success"]
[67652][1574688398437][requester][info]["WLModels~boot - Success"]
[67652][1574688398488][requester][info]["Session~boot - Success"]
[67652][1574688398490][requester][info]["IndependentServices~boot - Success"]
[67652][1574688398502][requester][info]["AppModels~boot - Success"]
[67652][1574688398503][requester][info]["RuntimeListeners~boot- Success"]
[67652][1574688398503][requester][info]["DBWatcher~boot - Success"]
[67652][1574688398504][requester][info]["ThemeManager~boot - Success"]
[67652][1574688398505][requester][info]["Store~boot - Success"]
[67652][1574688398506][requester][info]["Shortcuts~boot - Success"]
[67652][1574688398506][requester][info]["SyncProxy~boot - Success"]
[67652][1574688398518][requester][info]["NewConsole~boot - Success"]
[67652][1574688398525][requester][info]["Requester~boot - Success"]
[67652][1574688398526][requester][info]["booted - requester"]
[67652][1574690615253][requester][warn]["EntityPermissionHandler: @TODO no target action found for",{"name":"deleteAllInWorkspace","namespace":"history"}]
[46068][1574768440987][requester][info]["EventBus~initialize - Success"]
[46068][1574768440989][requester][info]["Messaging~boot - Success"]
[46068][1574768441034][requester][info]["bootCrashReporter~ Success"]
[46068][1574768441035][requester][info]["Telemetry~boot - Success"]
[46068][1574768441035][requester][info]["bootConfigurations~initialize - Success"]
[46068][1574768441038][requester][info]["Settings~boot - Success"]
[46068][1574768441080][requester][info]["bootstrapModels - Success"]
[46068][1574768441081][requester][info]["WLModels~boot - Success"]
[46068][1574768441126][requester][info]["Session~boot - Success"]
[46068][1574768441128][requester][info]["IndependentServices~boot - Success"]
[46068][1574768441138][requester][info]["AppModels~boot - Success"]
[46068][1574768441138][requester][info]["RuntimeListeners~boot- Success"]
[46068][1574768441138][requester][info]["DBWatcher~boot - Success"]
[46068][1574768441141][requester][info]["ThemeManager~boot - Success"]
[46068][1574768441141][requester][info]["Store~boot - Success"]
[46068][1574768441142][requester][info]["Shortcuts~boot - Success"]
[46068][1574768441142][requester][info]["SyncProxy~boot - Success"]
[46068][1574768441153][requester][info]["NewConsole~boot - Success"]
[46068][1574768441159][requester][info]["Requester~boot - Success"]
[46068][1574768441159][requester][info]["booted - requester"]
