[65076][1574515183591][shared][info]["EventBus~initialize - Success"]
[65076][1574515183593][shared][info]["Messaging~boot - Success"]
[65076][1574515183600][shared][info]["bootCrashReporter~ Success"]
[65076][1574515183602][shared][info]["Telemetry~boot - Success"]
[65076][1574515183602][shared][info]["bootConfigurations~initialize - Success"]
[65076][1574515183607][shared][info]["Settings~boot - Success"]
[65076][1574515183607][shared][info]["Migrations: Starting migrations"]
[65076][1574515183607][shared][info]["Migrations: Walking migration","0000_initial"]
[65076][1574515183607][shared][info]["Migrations: Walking migration","0001_add_archived_resources_table"]
[65076][1574515183607][shared][info]["Migrations: Walking migration","0002_add_variable_sessions_table"]
[65076][1574515183607][shared][info]["Migrations: Walking migration","0003_add_editor_tables"]
[65076][1574515183608][shared][info]["Migrations: Walking migration","0004_migrate_ws_session_data"]
[65076][1574515183608][shared][info]["Migrations: Walking migration","0005_cleanup_request_response_and_history_body"]
[65076][1574515183608][shared][info]["Migrations: Walking migration","0006_add_dbp_to_request_response_and_history"]
[65076][1574515183608][shared][info]["Migrations: Walking migration","0007_add_sync_client_buckets_by_order_id_table"]
[65076][1574515183608][shared][info]["Migrations: Walking migration","0008_migrate_to_sync_client_buckets_by_order_id"]
[65076][1574515183609][shared][info]["Migrations: Walking migration","0009_remove_sync_client_buckets_table"]
[65076][1574515183609][shared][info]["Migrations: Walking migration","0010_add_history_owner"]
[65076][1574515183609][shared][info]["Migrations: Walking migration","0011_add_history_response_table"]
[65076][1574515183610][shared][info]["Migrations: Walking migration","0012_add_user_data_table"]
[65076][1574515183610][shared][info]["Migrations: Walking migration","0013_sanitize_request_response_and_history_methods"]
[65076][1574515183610][shared][info]["Migrations: Walking migration","0014_sanitize_response_requestobject_rawmodedata"]
[65076][1574515183610][shared][info]["Migrations: Walking migration","0015_add_favorited_collections_table"]
[65076][1574515183610][shared][info]["Migrations: Walking migration","0016_add_permission_table"]
[65076][1574515183610][shared][info]["Migrations: Walking migration","0017_add_user_preferences_table"]
[65076][1574515183610][shared][info]["Migrations: Walking migration","0018_index_header_presets"]
[65076][1574515183610][shared][info]["Migrations: Walking migration","0019_migrate_favorite_collections_data"]
[65076][1574515183610][shared][info]["Migrations: Walking migration","0020_migrate_sync_client_revision"]
[65076][1574515183611][shared][info]["Migrations: Walking migration","0021_clear_permissions"]
[65076][1574515183612][shared][info]["Migrations: Walking migration","0022_add_workspace_header_presets"]
[65076][1574515183612][shared][info]["Migrations: Walking migration","0023_remove_collection_permissions_and_shared"]
[65076][1574515183612][shared][info]["Migrations: Walking migration","0024_add_console_timelines_table"]
[65076][1574515183612][shared][info]["Migrations: Walking migration","0025_add_console_events_table"]
[65076][1574515183612][shared][info]["Migrations: Walking migration","0026_index_console_events"]
[65076][1574515183612][shared][info]["Migrations: Starting migration","0000_initial"]
[65076][1574515183613][shared][info]["Migrations: Setting context before starting migration","0000_initial",{"0000_initial":"started"}]
[65076][1574515183613][shared][info]["Migrations: Applying migration","0000_initial"]
[65076][1574515183613][shared][info]["Migrations: Upgrading IndexedDB to version","0000_initial",1]
[65076][1574515183614][shared][info]["Migrations: Adding pending commit to queue","0000_initial"]
[65076][1574515183614][shared][info]["Migrations: Starting migration","0001_add_archived_resources_table"]
[65076][1574515183614][shared][info]["Migrations: Setting context before starting migration","0001_add_archived_resources_table",{"0000_initial":"started","0001_add_archived_resources_table":"started"}]
[65076][1574515183614][shared][info]["Migrations: Applying migration","0001_add_archived_resources_table"]
[65076][1574515183614][shared][info]["Migrations: Upgrading IndexedDB to version","0001_add_archived_resources_table",2]
[65076][1574515183615][shared][info]["Migrations: Adding pending commit to queue","0001_add_archived_resources_table"]
[65076][1574515183615][shared][info]["Migrations: Starting migration","0002_add_variable_sessions_table"]
[65076][1574515183615][shared][info]["Migrations: Setting context before starting migration","0002_add_variable_sessions_table",{"0000_initial":"started","0001_add_archived_resources_table":"started","0002_add_variable_sessions_table":"started"}]
[65076][1574515183616][shared][info]["Migrations: Applying migration","0002_add_variable_sessions_table"]
[65076][1574515183616][shared][info]["Migrations: Upgrading IndexedDB to version","0002_add_variable_sessions_table",3]
[65076][1574515183616][shared][info]["Migrations: Adding pending commit to queue","0002_add_variable_sessions_table"]
[65076][1574515183616][shared][info]["Migrations: Starting migration","0003_add_editor_tables"]
[65076][1574515183616][shared][info]["Migrations: Setting context before starting migration","0003_add_editor_tables",{"0000_initial":"started","0001_add_archived_resources_table":"started","0002_add_variable_sessions_table":"started","0003_add_editor_tables":"started"}]
[65076][1574515183616][shared][info]["Migrations: Applying migration","0003_add_editor_tables"]
[65076][1574515183616][shared][info]["Migrations: Upgrading IndexedDB to version","0003_add_editor_tables",4]
[65076][1574515183617][shared][info]["Migrations: Adding pending commit to queue","0003_add_editor_tables"]
[65076][1574515183617][shared][info]["Migrations: Starting migration","0004_migrate_ws_session_data"]
[65076][1574515183617][shared][info]["Migrations: Flushing pending migrations for","0004_migrate_ws_session_data"]
[65076][1574515183617][shared][info]["Migrations: Flushing pending commit for type","IndexeddbSchemaMigration"]
[65076][1574515183617][shared][info]["Migrations: Committing IndexedDB upgrade"]
[65076][1574515183637][shared][info]["Migrations: Updating status in migration context",{"0000_initial":"started","0001_add_archived_resources_table":"started","0002_add_variable_sessions_table":"started","0003_add_editor_tables":"started"}]
[65076][1574515183637][shared][info]["Migrations: Updated status in migration context",{"0000_initial":"finished","0001_add_archived_resources_table":"finished","0002_add_variable_sessions_table":"finished","0003_add_editor_tables":"finished"}]
[65076][1574515183637][shared][info]["Migrations: Setting context before starting migration","0004_migrate_ws_session_data",{"0000_initial":"finished","0001_add_archived_resources_table":"finished","0002_add_variable_sessions_table":"finished","0003_add_editor_tables":"finished","0004_migrate_ws_session_data":"started"}]
[65076][1574515183637][shared][info]["Migrations: Applying migration","0004_migrate_ws_session_data"]
[65076][1574515183637][shared][info]["Migrations: Processing IndexedDB data migration","0004_migrate_ws_session_data"]
[65076][1574515183639][shared][info]["Migration~Tabs: Starting migration"]
[65076][1574515183642][shared][info]["Migration~Tabs: Completed transformation"]
[65076][1574515183643][shared][info]["Migration~Tabs: Creating editors"]
[65076][1574515183644][shared][info]["Migration~Tabs: Creating editor models"]
[65076][1574515183644][shared][info]["Migrations: Saving migration context after completion","0004_migrate_ws_session_data",{"0000_initial":"finished","0001_add_archived_resources_table":"finished","0002_add_variable_sessions_table":"finished","0003_add_editor_tables":"finished","0004_migrate_ws_session_data":"started"}]
[65076][1574515183644][shared][info]["Migrations: Starting migration","0005_cleanup_request_response_and_history_body"]
[65076][1574515183644][shared][info]["Migrations: Flushing pending migrations for","0005_cleanup_request_response_and_history_body"]
[65076][1574515183644][shared][info]["Migrations: Updating status in migration context",{"0000_initial":"finished","0001_add_archived_resources_table":"finished","0002_add_variable_sessions_table":"finished","0003_add_editor_tables":"finished","0004_migrate_ws_session_data":"finished"}]
[65076][1574515183644][shared][info]["Migrations: Updated status in migration context",{"0000_initial":"finished","0001_add_archived_resources_table":"finished","0002_add_variable_sessions_table":"finished","0003_add_editor_tables":"finished","0004_migrate_ws_session_data":"finished"}]
[65076][1574515183645][shared][info]["Migrations: Setting context before starting migration","0005_cleanup_request_response_and_history_body",{"0000_initial":"finished","0001_add_archived_resources_table":"finished","0002_add_variable_sessions_table":"finished","0003_add_editor_tables":"finished","0004_migrate_ws_session_data":"finished","0005_cleanup_request_response_and_history_body":"started"}]
[65076][1574515183645][shared][info]["Migrations: Applying migration","0005_cleanup_request_response_and_history_body"]
[65076][1574515183645][shared][info]["Migrations: Processing IndexedDB data migration","0005_cleanup_request_response_and_history_body"]
[65076][1574515183648][shared][info]["Migrations: Saving migration context after completion","0005_cleanup_request_response_and_history_body",{"0000_initial":"finished","0001_add_archived_resources_table":"finished","0002_add_variable_sessions_table":"finished","0003_add_editor_tables":"finished","0004_migrate_ws_session_data":"finished","0005_cleanup_request_response_and_history_body":"started"}]
[65076][1574515183649][shared][info]["Migrations: Starting migration","0006_add_dbp_to_request_response_and_history"]
[65076][1574515183649][shared][info]["Migrations: Flushing pending migrations for","0006_add_dbp_to_request_response_and_history"]
[65076][1574515183649][shared][info]["Migrations: Updating status in migration context",{"0000_initial":"finished","0001_add_archived_resources_table":"finished","0002_add_variable_sessions_table":"finished","0003_add_editor_tables":"finished","0004_migrate_ws_session_data":"finished","0005_cleanup_request_response_and_history_body":"finished"}]
[65076][1574515183649][shared][info]["Migrations: Updated status in migration context",{"0000_initial":"finished","0001_add_archived_resources_table":"finished","0002_add_variable_sessions_table":"finished","0003_add_editor_tables":"finished","0004_migrate_ws_session_data":"finished","0005_cleanup_request_response_and_history_body":"finished"}]
[65076][1574515183649][shared][info]["Migrations: Setting context before starting migration","0006_add_dbp_to_request_response_and_history",{"0000_initial":"finished","0001_add_archived_resources_table":"finished","0002_add_variable_sessions_table":"finished","0003_add_editor_tables":"finished","0004_migrate_ws_session_data":"finished","0005_cleanup_request_response_and_history_body":"finished","0006_add_dbp_to_request_response_and_history":"started"}]
[65076][1574515183649][shared][info]["Migrations: Applying migration","0006_add_dbp_to_request_response_and_history"]
[65076][1574515183649][shared][info]["Migrations: Processing IndexedDB data migration","0006_add_dbp_to_request_response_and_history"]
[65076][1574515183653][shared][info]["Migrations: Saving migration context after completion","0006_add_dbp_to_request_response_and_history",{"0000_initial":"finished","0001_add_archived_resources_table":"finished","0002_add_variable_sessions_table":"finished","0003_add_editor_tables":"finished","0004_migrate_ws_session_data":"finished","0005_cleanup_request_response_and_history_body":"finished","0006_add_dbp_to_request_response_and_history":"started"}]
[65076][1574515183653][shared][info]["Migrations: Starting migration","0007_add_sync_client_buckets_by_order_id_table"]
[65076][1574515183653][shared][info]["Migrations: Setting context before starting migration","0007_add_sync_client_buckets_by_order_id_table",{"0000_initial":"finished","0001_add_archived_resources_table":"finished","0002_add_variable_sessions_table":"finished","0003_add_editor_tables":"finished","0004_migrate_ws_session_data":"finished","0005_cleanup_request_response_and_history_body":"finished","0006_add_dbp_to_request_response_and_history":"finished","0007_add_sync_client_buckets_by_order_id_table":"started"}]
[65076][1574515183653][shared][info]["Migrations: Applying migration","0007_add_sync_client_buckets_by_order_id_table"]
[65076][1574515183653][shared][info]["Migrations: Upgrading IndexedDB to version","0007_add_sync_client_buckets_by_order_id_table",5]
[65076][1574515183654][shared][info]["Migrations: Adding pending commit to queue","0007_add_sync_client_buckets_by_order_id_table"]
[65076][1574515183654][shared][info]["Migrations: Starting migration","0008_migrate_to_sync_client_buckets_by_order_id"]
[65076][1574515183654][shared][info]["Migrations: Flushing pending migrations for","0008_migrate_to_sync_client_buckets_by_order_id"]
[65076][1574515183654][shared][info]["Migrations: Flushing pending commit for type","IndexeddbSchemaMigration"]
[65076][1574515183654][shared][info]["Migrations: Committing IndexedDB upgrade"]
[65076][1574515183658][shared][info]["Migrations: Updating status in migration context",{"0000_initial":"finished","0001_add_archived_resources_table":"finished","0002_add_variable_sessions_table":"finished","0003_add_editor_tables":"finished","0004_migrate_ws_session_data":"finished","0005_cleanup_request_response_and_history_body":"finished","0006_add_dbp_to_request_response_and_history":"finished","0007_add_sync_client_buckets_by_order_id_table":"started"}]
[65076][1574515183659][shared][info]["Migrations: Updated status in migration context",{"0000_initial":"finished","0001_add_archived_resources_table":"finished","0002_add_variable_sessions_table":"finished","0003_add_editor_tables":"finished","0004_migrate_ws_session_data":"finished","0005_cleanup_request_response_and_history_body":"finished","0006_add_dbp_to_request_response_and_history":"finished","0007_add_sync_client_buckets_by_order_id_table":"finished"}]
[65076][1574515183659][shared][info]["Migrations: Setting context before starting migration","0008_migrate_to_sync_client_buckets_by_order_id",{"0000_initial":"finished","0001_add_archived_resources_table":"finished","0002_add_variable_sessions_table":"finished","0003_add_editor_tables":"finished","0004_migrate_ws_session_data":"finished","0005_cleanup_request_response_and_history_body":"finished","0006_add_dbp_to_request_response_and_history":"finished","0007_add_sync_client_buckets_by_order_id_table":"finished","0008_migrate_to_sync_client_buckets_by_order_id":"started"}]
[65076][1574515183659][shared][info]["Migrations: Applying migration","0008_migrate_to_sync_client_buckets_by_order_id"]
[65076][1574515183659][shared][info]["Migrations: Processing IndexedDB data migration","0008_migrate_to_sync_client_buckets_by_order_id"]
[65076][1574515183660][shared][info]["Migrations: Saving migration context after completion","0008_migrate_to_sync_client_buckets_by_order_id",{"0000_initial":"finished","0001_add_archived_resources_table":"finished","0002_add_variable_sessions_table":"finished","0003_add_editor_tables":"finished","0004_migrate_ws_session_data":"finished","0005_cleanup_request_response_and_history_body":"finished","0006_add_dbp_to_request_response_and_history":"finished","0007_add_sync_client_buckets_by_order_id_table":"finished","0008_migrate_to_sync_client_buckets_by_order_id":"started"}]
[65076][1574515183661][shared][info]["Migrations: Starting migration","0009_remove_sync_client_buckets_table"]
[65076][1574515183661][shared][info]["Migrations: Setting context before starting migration","0009_remove_sync_client_buckets_table",{"0000_initial":"finished","0001_add_archived_resources_table":"finished","0002_add_variable_sessions_table":"finished","0003_add_editor_tables":"finished","0004_migrate_ws_session_data":"finished","0005_cleanup_request_response_and_history_body":"finished","0006_add_dbp_to_request_response_and_history":"finished","0007_add_sync_client_buckets_by_order_id_table":"finished","0008_migrate_to_sync_client_buckets_by_order_id":"finished","0009_remove_sync_client_buckets_table":"started"}]
[65076][1574515183661][shared][info]["Migrations: Applying migration","0009_remove_sync_client_buckets_table"]
[65076][1574515183661][shared][info]["Migrations: Upgrading IndexedDB to version","0009_remove_sync_client_buckets_table",6]
[65076][1574515183662][shared][info]["Migrations: Adding pending commit to queue","0009_remove_sync_client_buckets_table"]
[65076][1574515183662][shared][info]["Migrations: Starting migration","0010_add_history_owner"]
[65076][1574515183662][shared][info]["Migrations: Flushing pending migrations for","0010_add_history_owner"]
[65076][1574515183662][shared][info]["Migrations: Flushing pending commit for type","IndexeddbSchemaMigration"]
[65076][1574515183662][shared][info]["Migrations: Committing IndexedDB upgrade"]
[65076][1574515183664][shared][info]["Migrations: Updating status in migration context",{"0000_initial":"finished","0001_add_archived_resources_table":"finished","0002_add_variable_sessions_table":"finished","0003_add_editor_tables":"finished","0004_migrate_ws_session_data":"finished","0005_cleanup_request_response_and_history_body":"finished","0006_add_dbp_to_request_response_and_history":"finished","0007_add_sync_client_buckets_by_order_id_table":"finished","0008_migrate_to_sync_client_buckets_by_order_id":"finished","0009_remove_sync_client_buckets_table":"started"}]
[65076][1574515183664][shared][info]["Migrations: Updated status in migration context",{"0000_initial":"finished","0001_add_archived_resources_table":"finished","0002_add_variable_sessions_table":"finished","0003_add_editor_tables":"finished","0004_migrate_ws_session_data":"finished","0005_cleanup_request_response_and_history_body":"finished","0006_add_dbp_to_request_response_and_history":"finished","0007_add_sync_client_buckets_by_order_id_table":"finished","0008_migrate_to_sync_client_buckets_by_order_id":"finished","0009_remove_sync_client_buckets_table":"finished"}]
[65076][1574515183665][shared][info]["Migrations: Setting context before starting migration","0010_add_history_owner",{"0000_initial":"finished","0001_add_archived_resources_table":"finished","0002_add_variable_sessions_table":"finished","0003_add_editor_tables":"finished","0004_migrate_ws_session_data":"finished","0005_cleanup_request_response_and_history_body":"finished","0006_add_dbp_to_request_response_and_history":"finished","0007_add_sync_client_buckets_by_order_id_table":"finished","0008_migrate_to_sync_client_buckets_by_order_id":"finished","0009_remove_sync_client_buckets_table":"finished","0010_add_history_owner":"started"}]
[65076][1574515183665][shared][info]["Migrations: Applying migration","0010_add_history_owner"]
[65076][1574515183665][shared][info]["Migrations: Processing IndexedDB data migration","0010_add_history_owner"]
[65076][1574515183668][shared][info]["Migrations: Saving migration context after completion","0010_add_history_owner",{"0000_initial":"finished","0001_add_archived_resources_table":"finished","0002_add_variable_sessions_table":"finished","0003_add_editor_tables":"finished","0004_migrate_ws_session_data":"finished","0005_cleanup_request_response_and_history_body":"finished","0006_add_dbp_to_request_response_and_history":"finished","0007_add_sync_client_buckets_by_order_id_table":"finished","0008_migrate_to_sync_client_buckets_by_order_id":"finished","0009_remove_sync_client_buckets_table":"finished","0010_add_history_owner":"started"}]
[65076][1574515183668][shared][info]["Migrations: Starting migration","0011_add_history_response_table"]
[65076][1574515183668][shared][info]["Migrations: Setting context before starting migration","0011_add_history_response_table",{"0000_initial":"finished","0001_add_archived_resources_table":"finished","0002_add_variable_sessions_table":"finished","0003_add_editor_tables":"finished","0004_migrate_ws_session_data":"finished","0005_cleanup_request_response_and_history_body":"finished","0006_add_dbp_to_request_response_and_history":"finished","0007_add_sync_client_buckets_by_order_id_table":"finished","0008_migrate_to_sync_client_buckets_by_order_id":"finished","0009_remove_sync_client_buckets_table":"finished","0010_add_history_owner":"finished","0011_add_history_response_table":"started"}]
[65076][1574515183668][shared][info]["Migrations: Applying migration","0011_add_history_response_table"]
[65076][1574515183668][shared][info]["Migrations: Upgrading IndexedDB to version","0011_add_history_response_table",7]
[65076][1574515183669][shared][info]["Migrations: Adding pending commit to queue","0011_add_history_response_table"]
[65076][1574515183669][shared][info]["Migrations: Starting migration","0012_add_user_data_table"]
[65076][1574515183669][shared][info]["Migrations: Setting context before starting migration","0012_add_user_data_table",{"0000_initial":"finished","0001_add_archived_resources_table":"finished","0002_add_variable_sessions_table":"finished","0003_add_editor_tables":"finished","0004_migrate_ws_session_data":"finished","0005_cleanup_request_response_and_history_body":"finished","0006_add_dbp_to_request_response_and_history":"finished","0007_add_sync_client_buckets_by_order_id_table":"finished","0008_migrate_to_sync_client_buckets_by_order_id":"finished","0009_remove_sync_client_buckets_table":"finished","0010_add_history_owner":"finished","0011_add_history_response_table":"started","0012_add_user_data_table":"started"}]
[65076][1574515183670][shared][info]["Migrations: Applying migration","0012_add_user_data_table"]
[65076][1574515183670][shared][info]["Migrations: Upgrading IndexedDB to version","0012_add_user_data_table",8]
[65076][1574515183670][shared][info]["Migrations: Adding pending commit to queue","0012_add_user_data_table"]
[65076][1574515183670][shared][info]["Migrations: Starting migration","0013_sanitize_request_response_and_history_methods"]
[65076][1574515183670][shared][info]["Migrations: Flushing pending migrations for","0013_sanitize_request_response_and_history_methods"]
[65076][1574515183670][shared][info]["Migrations: Flushing pending commit for type","IndexeddbSchemaMigration"]
[65076][1574515183670][shared][info]["Migrations: Committing IndexedDB upgrade"]
[65076][1574515183673][shared][info]["Migrations: Updating status in migration context",{"0000_initial":"finished","0001_add_archived_resources_table":"finished","0002_add_variable_sessions_table":"finished","0003_add_editor_tables":"finished","0004_migrate_ws_session_data":"finished","0005_cleanup_request_response_and_history_body":"finished","0006_add_dbp_to_request_response_and_history":"finished","0007_add_sync_client_buckets_by_order_id_table":"finished","0008_migrate_to_sync_client_buckets_by_order_id":"finished","0009_remove_sync_client_buckets_table":"finished","0010_add_history_owner":"finished","0011_add_history_response_table":"started","0012_add_user_data_table":"started"}]
[65076][1574515183673][shared][info]["Migrations: Updated status in migration context",{"0000_initial":"finished","0001_add_archived_resources_table":"finished","0002_add_variable_sessions_table":"finished","0003_add_editor_tables":"finished","0004_migrate_ws_session_data":"finished","0005_cleanup_request_response_and_history_body":"finished","0006_add_dbp_to_request_response_and_history":"finished","0007_add_sync_client_buckets_by_order_id_table":"finished","0008_migrate_to_sync_client_buckets_by_order_id":"finished","0009_remove_sync_client_buckets_table":"finished","0010_add_history_owner":"finished","0011_add_history_response_table":"finished","0012_add_user_data_table":"finished"}]
[65076][1574515183673][shared][info]["Migrations: Setting context before starting migration","0013_sanitize_request_response_and_history_methods",{"0000_initial":"finished","0001_add_archived_resources_table":"finished","0002_add_variable_sessions_table":"finished","0003_add_editor_tables":"finished","0004_migrate_ws_session_data":"finished","0005_cleanup_request_response_and_history_body":"finished","0006_add_dbp_to_request_response_and_history":"finished","0007_add_sync_client_buckets_by_order_id_table":"finished","0008_migrate_to_sync_client_buckets_by_order_id":"finished","0009_remove_sync_client_buckets_table":"finished","0010_add_history_owner":"finished","0011_add_history_response_table":"finished","0012_add_user_data_table":"finished","0013_sanitize_request_response_and_history_methods":"started"}]
[65076][1574515183673][shared][info]["Migrations: Applying migration","0013_sanitize_request_response_and_history_methods"]
[65076][1574515183673][shared][info]["Migrations: Processing IndexedDB data migration","0013_sanitize_request_response_and_history_methods"]
[65076][1574515183678][shared][info]["Migrations: Saving migration context after completion","0013_sanitize_request_response_and_history_methods",{"0000_initial":"finished","0001_add_archived_resources_table":"finished","0002_add_variable_sessions_table":"finished","0003_add_editor_tables":"finished","0004_migrate_ws_session_data":"finished","0005_cleanup_request_response_and_history_body":"finished","0006_add_dbp_to_request_response_and_history":"finished","0007_add_sync_client_buckets_by_order_id_table":"finished","0008_migrate_to_sync_client_buckets_by_order_id":"finished","0009_remove_sync_client_buckets_table":"finished","0010_add_history_owner":"finished","0011_add_history_response_table":"finished","0012_add_user_data_table":"finished","0013_sanitize_request_response_and_history_methods":"started"}]
[65076][1574515183678][shared][info]["Migrations: Starting migration","0014_sanitize_response_requestobject_rawmodedata"]
[65076][1574515183678][shared][info]["Migrations: Flushing pending migrations for","0014_sanitize_response_requestobject_rawmodedata"]
[65076][1574515183678][shared][info]["Migrations: Updating status in migration context",{"0000_initial":"finished","0001_add_archived_resources_table":"finished","0002_add_variable_sessions_table":"finished","0003_add_editor_tables":"finished","0004_migrate_ws_session_data":"finished","0005_cleanup_request_response_and_history_body":"finished","0006_add_dbp_to_request_response_and_history":"finished","0007_add_sync_client_buckets_by_order_id_table":"finished","0008_migrate_to_sync_client_buckets_by_order_id":"finished","0009_remove_sync_client_buckets_table":"finished","0010_add_history_owner":"finished","0011_add_history_response_table":"finished","0012_add_user_data_table":"finished","0013_sanitize_request_response_and_history_methods":"finished"}]
[65076][1574515183678][shared][info]["Migrations: Updated status in migration context",{"0000_initial":"finished","0001_add_archived_resources_table":"finished","0002_add_variable_sessions_table":"finished","0003_add_editor_tables":"finished","0004_migrate_ws_session_data":"finished","0005_cleanup_request_response_and_history_body":"finished","0006_add_dbp_to_request_response_and_history":"finished","0007_add_sync_client_buckets_by_order_id_table":"finished","0008_migrate_to_sync_client_buckets_by_order_id":"finished","0009_remove_sync_client_buckets_table":"finished","0010_add_history_owner":"finished","0011_add_history_response_table":"finished","0012_add_user_data_table":"finished","0013_sanitize_request_response_and_history_methods":"finished"}]
[65076][1574515183679][shared][info]["Migrations: Setting context before starting migration","0014_sanitize_response_requestobject_rawmodedata",{"0000_initial":"finished","0001_add_archived_resources_table":"finished","0002_add_variable_sessions_table":"finished","0003_add_editor_tables":"finished","0004_migrate_ws_session_data":"finished","0005_cleanup_request_response_and_history_body":"finished","0006_add_dbp_to_request_response_and_history":"finished","0007_add_sync_client_buckets_by_order_id_table":"finished","0008_migrate_to_sync_client_buckets_by_order_id":"finished","0009_remove_sync_client_buckets_table":"finished","0010_add_history_owner":"finished","0011_add_history_response_table":"finished","0012_add_user_data_table":"finished","0013_sanitize_request_response_and_history_methods":"finished","0014_sanitize_response_requestobject_rawmodedata":"started"}]
[65076][1574515183679][shared][info]["Migrations: Applying migration","0014_sanitize_response_requestobject_rawmodedata"]
[65076][1574515183679][shared][info]["Migrations: Processing IndexedDB data migration","0014_sanitize_response_requestobject_rawmodedata"]
[65076][1574515183695][shared][info]["Migrations: Saving migration context after completion","0014_sanitize_response_requestobject_rawmodedata",{"0000_initial":"finished","0001_add_archived_resources_table":"finished","0002_add_variable_sessions_table":"finished","0003_add_editor_tables":"finished","0004_migrate_ws_session_data":"finished","0005_cleanup_request_response_and_history_body":"finished","0006_add_dbp_to_request_response_and_history":"finished","0007_add_sync_client_buckets_by_order_id_table":"finished","0008_migrate_to_sync_client_buckets_by_order_id":"finished","0009_remove_sync_client_buckets_table":"finished","0010_add_history_owner":"finished","0011_add_history_response_table":"finished","0012_add_user_data_table":"finished","0013_sanitize_request_response_and_history_methods":"finished","0014_sanitize_response_requestobject_rawmodedata":"started"}]
[65076][1574515183699][shared][info]["Migrations: Starting migration","0015_add_favorited_collections_table"]
[65076][1574515183699][shared][info]["Migrations: Setting context before starting migration","0015_add_favorited_collections_table",{"0000_initial":"finished","0001_add_archived_resources_table":"finished","0002_add_variable_sessions_table":"finished","0003_add_editor_tables":"finished","0004_migrate_ws_session_data":"finished","0005_cleanup_request_response_and_history_body":"finished","0006_add_dbp_to_request_response_and_history":"finished","0007_add_sync_client_buckets_by_order_id_table":"finished","0008_migrate_to_sync_client_buckets_by_order_id":"finished","0009_remove_sync_client_buckets_table":"finished","0010_add_history_owner":"finished","0011_add_history_response_table":"finished","0012_add_user_data_table":"finished","0013_sanitize_request_response_and_history_methods":"finished","0014_sanitize_response_requestobject_rawmodedata":"finished","0015_add_favorited_collections_table":"started"}]
[65076][1574515183700][shared][info]["Migrations: Applying migration","0015_add_favorited_collections_table"]
[65076][1574515183700][shared][info]["Migrations: Upgrading IndexedDB to version","0015_add_favorited_collections_table",9]
[65076][1574515183701][shared][info]["Migrations: Adding pending commit to queue","0015_add_favorited_collections_table"]
[65076][1574515183701][shared][info]["Migrations: Starting migration","0016_add_permission_table"]
[65076][1574515183701][shared][info]["Migrations: Setting context before starting migration","0016_add_permission_table",{"0000_initial":"finished","0001_add_archived_resources_table":"finished","0002_add_variable_sessions_table":"finished","0003_add_editor_tables":"finished","0004_migrate_ws_session_data":"finished","0005_cleanup_request_response_and_history_body":"finished","0006_add_dbp_to_request_response_and_history":"finished","0007_add_sync_client_buckets_by_order_id_table":"finished","0008_migrate_to_sync_client_buckets_by_order_id":"finished","0009_remove_sync_client_buckets_table":"finished","0010_add_history_owner":"finished","0011_add_history_response_table":"finished","0012_add_user_data_table":"finished","0013_sanitize_request_response_and_history_methods":"finished","0014_sanitize_response_requestobject_rawmodedata":"finished","0015_add_favorited_collections_table":"started","0016_add_permission_table":"started"}]
[65076][1574515183702][shared][info]["Migrations: Applying migration","0016_add_permission_table"]
[65076][1574515183702][shared][info]["Migrations: Upgrading IndexedDB to version","0016_add_permission_table",10]
[65076][1574515183702][shared][info]["Migrations: Adding pending commit to queue","0016_add_permission_table"]
[65076][1574515183702][shared][info]["Migrations: Starting migration","0017_add_user_preferences_table"]
[65076][1574515183702][shared][info]["Migrations: Setting context before starting migration","0017_add_user_preferences_table",{"0000_initial":"finished","0001_add_archived_resources_table":"finished","0002_add_variable_sessions_table":"finished","0003_add_editor_tables":"finished","0004_migrate_ws_session_data":"finished","0005_cleanup_request_response_and_history_body":"finished","0006_add_dbp_to_request_response_and_history":"finished","0007_add_sync_client_buckets_by_order_id_table":"finished","0008_migrate_to_sync_client_buckets_by_order_id":"finished","0009_remove_sync_client_buckets_table":"finished","0010_add_history_owner":"finished","0011_add_history_response_table":"finished","0012_add_user_data_table":"finished","0013_sanitize_request_response_and_history_methods":"finished","0014_sanitize_response_requestobject_rawmodedata":"finished","0015_add_favorited_collections_table":"started","0016_add_permission_table":"started","0017_add_user_preferences_table":"started"}]
[65076][1574515183702][shared][info]["Migrations: Applying migration","0017_add_user_preferences_table"]
[65076][1574515183702][shared][info]["Migrations: Upgrading IndexedDB to version","0017_add_user_preferences_table",11]
[65076][1574515183704][shared][info]["Migrations: Adding pending commit to queue","0017_add_user_preferences_table"]
[65076][1574515183704][shared][info]["Migrations: Starting migration","0018_index_header_presets"]
[65076][1574515183704][shared][info]["Migrations: Setting context before starting migration","0018_index_header_presets",{"0000_initial":"finished","0001_add_archived_resources_table":"finished","0002_add_variable_sessions_table":"finished","0003_add_editor_tables":"finished","0004_migrate_ws_session_data":"finished","0005_cleanup_request_response_and_history_body":"finished","0006_add_dbp_to_request_response_and_history":"finished","0007_add_sync_client_buckets_by_order_id_table":"finished","0008_migrate_to_sync_client_buckets_by_order_id":"finished","0009_remove_sync_client_buckets_table":"finished","0010_add_history_owner":"finished","0011_add_history_response_table":"finished","0012_add_user_data_table":"finished","0013_sanitize_request_response_and_history_methods":"finished","0014_sanitize_response_requestobject_rawmodedata":"finished","0015_add_favorited_collections_table":"started","0016_add_permission_table":"started","0017_add_user_preferences_table":"started","0018_index_header_presets":"started"}]
[65076][1574515183705][shared][info]["Migrations: Applying migration","0018_index_header_presets"]
[65076][1574515183705][shared][info]["Migrations: Upgrading IndexedDB to version","0018_index_header_presets",12]
[65076][1574515183706][shared][info]["Migrations: Adding pending commit to queue","0018_index_header_presets"]
[65076][1574515183706][shared][info]["Migrations: Starting migration","0019_migrate_favorite_collections_data"]
[65076][1574515183706][shared][info]["Migrations: Flushing pending migrations for","0019_migrate_favorite_collections_data"]
[65076][1574515183706][shared][info]["Migrations: Flushing pending commit for type","IndexeddbSchemaMigration"]
[65076][1574515183706][shared][info]["Migrations: Committing IndexedDB upgrade"]
[65076][1574515183722][shared][info]["Migrations: Updating status in migration context",{"0000_initial":"finished","0001_add_archived_resources_table":"finished","0002_add_variable_sessions_table":"finished","0003_add_editor_tables":"finished","0004_migrate_ws_session_data":"finished","0005_cleanup_request_response_and_history_body":"finished","0006_add_dbp_to_request_response_and_history":"finished","0007_add_sync_client_buckets_by_order_id_table":"finished","0008_migrate_to_sync_client_buckets_by_order_id":"finished","0009_remove_sync_client_buckets_table":"finished","0010_add_history_owner":"finished","0011_add_history_response_table":"finished","0012_add_user_data_table":"finished","0013_sanitize_request_response_and_history_methods":"finished","0014_sanitize_response_requestobject_rawmodedata":"finished","0015_add_favorited_collections_table":"started","0016_add_permission_table":"started","0017_add_user_preferences_table":"started","0018_index_header_presets":"started"}]
[65076][1574515183726][shared][info]["Migrations: Updated status in migration context",{"0000_initial":"finished","0001_add_archived_resources_table":"finished","0002_add_variable_sessions_table":"finished","0003_add_editor_tables":"finished","0004_migrate_ws_session_data":"finished","0005_cleanup_request_response_and_history_body":"finished","0006_add_dbp_to_request_response_and_history":"finished","0007_add_sync_client_buckets_by_order_id_table":"finished","0008_migrate_to_sync_client_buckets_by_order_id":"finished","0009_remove_sync_client_buckets_table":"finished","0010_add_history_owner":"finished","0011_add_history_response_table":"finished","0012_add_user_data_table":"finished","0013_sanitize_request_response_and_history_methods":"finished","0014_sanitize_response_requestobject_rawmodedata":"finished","0015_add_favorited_collections_table":"finished","0016_add_permission_table":"finished","0017_add_user_preferences_table":"finished","0018_index_header_presets":"finished"}]
[65076][1574515183726][shared][info]["Migrations: Setting context before starting migration","0019_migrate_favorite_collections_data",{"0000_initial":"finished","0001_add_archived_resources_table":"finished","0002_add_variable_sessions_table":"finished","0003_add_editor_tables":"finished","0004_migrate_ws_session_data":"finished","0005_cleanup_request_response_and_history_body":"finished","0006_add_dbp_to_request_response_and_history":"finished","0007_add_sync_client_buckets_by_order_id_table":"finished","0008_migrate_to_sync_client_buckets_by_order_id":"finished","0009_remove_sync_client_buckets_table":"finished","0010_add_history_owner":"finished","0011_add_history_response_table":"finished","0012_add_user_data_table":"finished","0013_sanitize_request_response_and_history_methods":"finished","0014_sanitize_response_requestobject_rawmodedata":"finished","0015_add_favorited_collections_table":"finished","0016_add_permission_table":"finished","0017_add_user_preferences_table":"finished","0018_index_header_presets":"finished","0019_migrate_favorite_collections_data":"started"}]
[65076][1574515183727][shared][info]["Migrations: Applying migration","0019_migrate_favorite_collections_data"]
[65076][1574515183727][shared][info]["Migrations: Processing IndexedDB data migration","0019_migrate_favorite_collections_data"]
[65076][1574515183729][shared][info]["Migration~FavoriteCollections: Starting migration"]
[65076][1574515183731][shared][info]["Migrations: Saving migration context after completion","0019_migrate_favorite_collections_data",{"0000_initial":"finished","0001_add_archived_resources_table":"finished","0002_add_variable_sessions_table":"finished","0003_add_editor_tables":"finished","0004_migrate_ws_session_data":"finished","0005_cleanup_request_response_and_history_body":"finished","0006_add_dbp_to_request_response_and_history":"finished","0007_add_sync_client_buckets_by_order_id_table":"finished","0008_migrate_to_sync_client_buckets_by_order_id":"finished","0009_remove_sync_client_buckets_table":"finished","0010_add_history_owner":"finished","0011_add_history_response_table":"finished","0012_add_user_data_table":"finished","0013_sanitize_request_response_and_history_methods":"finished","0014_sanitize_response_requestobject_rawmodedata":"finished","0015_add_favorited_collections_table":"finished","0016_add_permission_table":"finished","0017_add_user_preferences_table":"finished","0018_index_header_presets":"finished","0019_migrate_favorite_collections_data":"started"}]
[65076][1574515183731][shared][info]["Migrations: Starting migration","0020_migrate_sync_client_revision"]
[65076][1574515183731][shared][info]["Migrations: Flushing pending migrations for","0020_migrate_sync_client_revision"]
[65076][1574515183731][shared][info]["Migrations: Updating status in migration context",{"0000_initial":"finished","0001_add_archived_resources_table":"finished","0002_add_variable_sessions_table":"finished","0003_add_editor_tables":"finished","0004_migrate_ws_session_data":"finished","0005_cleanup_request_response_and_history_body":"finished","0006_add_dbp_to_request_response_and_history":"finished","0007_add_sync_client_buckets_by_order_id_table":"finished","0008_migrate_to_sync_client_buckets_by_order_id":"finished","0009_remove_sync_client_buckets_table":"finished","0010_add_history_owner":"finished","0011_add_history_response_table":"finished","0012_add_user_data_table":"finished","0013_sanitize_request_response_and_history_methods":"finished","0014_sanitize_response_requestobject_rawmodedata":"finished","0015_add_favorited_collections_table":"finished","0016_add_permission_table":"finished","0017_add_user_preferences_table":"finished","0018_index_header_presets":"finished","0019_migrate_favorite_collections_data":"finished"}]
[65076][1574515183731][shared][info]["Migrations: Updated status in migration context",{"0000_initial":"finished","0001_add_archived_resources_table":"finished","0002_add_variable_sessions_table":"finished","0003_add_editor_tables":"finished","0004_migrate_ws_session_data":"finished","0005_cleanup_request_response_and_history_body":"finished","0006_add_dbp_to_request_response_and_history":"finished","0007_add_sync_client_buckets_by_order_id_table":"finished","0008_migrate_to_sync_client_buckets_by_order_id":"finished","0009_remove_sync_client_buckets_table":"finished","0010_add_history_owner":"finished","0011_add_history_response_table":"finished","0012_add_user_data_table":"finished","0013_sanitize_request_response_and_history_methods":"finished","0014_sanitize_response_requestobject_rawmodedata":"finished","0015_add_favorited_collections_table":"finished","0016_add_permission_table":"finished","0017_add_user_preferences_table":"finished","0018_index_header_presets":"finished","0019_migrate_favorite_collections_data":"finished"}]
[65076][1574515183732][shared][info]["Migrations: Setting context before starting migration","0020_migrate_sync_client_revision",{"0000_initial":"finished","0001_add_archived_resources_table":"finished","0002_add_variable_sessions_table":"finished","0003_add_editor_tables":"finished","0004_migrate_ws_session_data":"finished","0005_cleanup_request_response_and_history_body":"finished","0006_add_dbp_to_request_response_and_history":"finished","0007_add_sync_client_buckets_by_order_id_table":"finished","0008_migrate_to_sync_client_buckets_by_order_id":"finished","0009_remove_sync_client_buckets_table":"finished","0010_add_history_owner":"finished","0011_add_history_response_table":"finished","0012_add_user_data_table":"finished","0013_sanitize_request_response_and_history_methods":"finished","0014_sanitize_response_requestobject_rawmodedata":"finished","0015_add_favorited_collections_table":"finished","0016_add_permission_table":"finished","0017_add_user_preferences_table":"finished","0018_index_header_presets":"finished","0019_migrate_favorite_collections_data":"finished","0020_migrate_sync_client_revision":"started"}]
[65076][1574515183732][shared][info]["Migrations: Applying migration","0020_migrate_sync_client_revision"]
[65076][1574515183732][shared][info]["Migrations: Processing IndexedDB data migration","0020_migrate_sync_client_revision"]
[65076][1574515183736][shared][info]["Migration~SyncClientRevision: Migrating revision id for timelines"]
[65076][1574515183738][shared][info]["Migrations: Saving migration context after completion","0020_migrate_sync_client_revision",{"0000_initial":"finished","0001_add_archived_resources_table":"finished","0002_add_variable_sessions_table":"finished","0003_add_editor_tables":"finished","0004_migrate_ws_session_data":"finished","0005_cleanup_request_response_and_history_body":"finished","0006_add_dbp_to_request_response_and_history":"finished","0007_add_sync_client_buckets_by_order_id_table":"finished","0008_migrate_to_sync_client_buckets_by_order_id":"finished","0009_remove_sync_client_buckets_table":"finished","0010_add_history_owner":"finished","0011_add_history_response_table":"finished","0012_add_user_data_table":"finished","0013_sanitize_request_response_and_history_methods":"finished","0014_sanitize_response_requestobject_rawmodedata":"finished","0015_add_favorited_collections_table":"finished","0016_add_permission_table":"finished","0017_add_user_preferences_table":"finished","0018_index_header_presets":"finished","0019_migrate_favorite_collections_data":"finished","0020_migrate_sync_client_revision":"started"}]
[65076][1574515183738][shared][info]["Migrations: Starting migration","0021_clear_permissions"]
[65076][1574515183738][shared][info]["Migrations: Flushing pending migrations for","0021_clear_permissions"]
[65076][1574515183738][shared][info]["Migrations: Updating status in migration context",{"0000_initial":"finished","0001_add_archived_resources_table":"finished","0002_add_variable_sessions_table":"finished","0003_add_editor_tables":"finished","0004_migrate_ws_session_data":"finished","0005_cleanup_request_response_and_history_body":"finished","0006_add_dbp_to_request_response_and_history":"finished","0007_add_sync_client_buckets_by_order_id_table":"finished","0008_migrate_to_sync_client_buckets_by_order_id":"finished","0009_remove_sync_client_buckets_table":"finished","0010_add_history_owner":"finished","0011_add_history_response_table":"finished","0012_add_user_data_table":"finished","0013_sanitize_request_response_and_history_methods":"finished","0014_sanitize_response_requestobject_rawmodedata":"finished","0015_add_favorited_collections_table":"finished","0016_add_permission_table":"finished","0017_add_user_preferences_table":"finished","0018_index_header_presets":"finished","0019_migrate_favorite_collections_data":"finished","0020_migrate_sync_client_revision":"finished"}]
[65076][1574515183739][shared][info]["Migrations: Updated status in migration context",{"0000_initial":"finished","0001_add_archived_resources_table":"finished","0002_add_variable_sessions_table":"finished","0003_add_editor_tables":"finished","0004_migrate_ws_session_data":"finished","0005_cleanup_request_response_and_history_body":"finished","0006_add_dbp_to_request_response_and_history":"finished","0007_add_sync_client_buckets_by_order_id_table":"finished","0008_migrate_to_sync_client_buckets_by_order_id":"finished","0009_remove_sync_client_buckets_table":"finished","0010_add_history_owner":"finished","0011_add_history_response_table":"finished","0012_add_user_data_table":"finished","0013_sanitize_request_response_and_history_methods":"finished","0014_sanitize_response_requestobject_rawmodedata":"finished","0015_add_favorited_collections_table":"finished","0016_add_permission_table":"finished","0017_add_user_preferences_table":"finished","0018_index_header_presets":"finished","0019_migrate_favorite_collections_data":"finished","0020_migrate_sync_client_revision":"finished"}]
[65076][1574515183739][shared][info]["Migrations: Setting context before starting migration","0021_clear_permissions",{"0000_initial":"finished","0001_add_archived_resources_table":"finished","0002_add_variable_sessions_table":"finished","0003_add_editor_tables":"finished","0004_migrate_ws_session_data":"finished","0005_cleanup_request_response_and_history_body":"finished","0006_add_dbp_to_request_response_and_history":"finished","0007_add_sync_client_buckets_by_order_id_table":"finished","0008_migrate_to_sync_client_buckets_by_order_id":"finished","0009_remove_sync_client_buckets_table":"finished","0010_add_history_owner":"finished","0011_add_history_response_table":"finished","0012_add_user_data_table":"finished","0013_sanitize_request_response_and_history_methods":"finished","0014_sanitize_response_requestobject_rawmodedata":"finished","0015_add_favorited_collections_table":"finished","0016_add_permission_table":"finished","0017_add_user_preferences_table":"finished","0018_index_header_presets":"finished","0019_migrate_favorite_collections_data":"finished","0020_migrate_sync_client_revision":"finished","0021_clear_permissions":"started"}]
[65076][1574515183739][shared][info]["Migrations: Applying migration","0021_clear_permissions"]
[65076][1574515183739][shared][info]["Migrations: Processing IndexedDB data migration","0021_clear_permissions"]
[65076][1574515183740][shared][info]["Migration~Permissions: Starting migration"]
[65076][1574515183741][shared][info]["Migrations: Saving migration context after completion","0021_clear_permissions",{"0000_initial":"finished","0001_add_archived_resources_table":"finished","0002_add_variable_sessions_table":"finished","0003_add_editor_tables":"finished","0004_migrate_ws_session_data":"finished","0005_cleanup_request_response_and_history_body":"finished","0006_add_dbp_to_request_response_and_history":"finished","0007_add_sync_client_buckets_by_order_id_table":"finished","0008_migrate_to_sync_client_buckets_by_order_id":"finished","0009_remove_sync_client_buckets_table":"finished","0010_add_history_owner":"finished","0011_add_history_response_table":"finished","0012_add_user_data_table":"finished","0013_sanitize_request_response_and_history_methods":"finished","0014_sanitize_response_requestobject_rawmodedata":"finished","0015_add_favorited_collections_table":"finished","0016_add_permission_table":"finished","0017_add_user_preferences_table":"finished","0018_index_header_presets":"finished","0019_migrate_favorite_collections_data":"finished","0020_migrate_sync_client_revision":"finished","0021_clear_permissions":"started"}]
[65076][1574515183741][shared][info]["Migrations: Starting migration","0022_add_workspace_header_presets"]
[65076][1574515183742][shared][info]["Migrations: Flushing pending migrations for","0022_add_workspace_header_presets"]
[65076][1574515183742][shared][info]["Migrations: Updating status in migration context",{"0000_initial":"finished","0001_add_archived_resources_table":"finished","0002_add_variable_sessions_table":"finished","0003_add_editor_tables":"finished","0004_migrate_ws_session_data":"finished","0005_cleanup_request_response_and_history_body":"finished","0006_add_dbp_to_request_response_and_history":"finished","0007_add_sync_client_buckets_by_order_id_table":"finished","0008_migrate_to_sync_client_buckets_by_order_id":"finished","0009_remove_sync_client_buckets_table":"finished","0010_add_history_owner":"finished","0011_add_history_response_table":"finished","0012_add_user_data_table":"finished","0013_sanitize_request_response_and_history_methods":"finished","0014_sanitize_response_requestobject_rawmodedata":"finished","0015_add_favorited_collections_table":"finished","0016_add_permission_table":"finished","0017_add_user_preferences_table":"finished","0018_index_header_presets":"finished","0019_migrate_favorite_collections_data":"finished","0020_migrate_sync_client_revision":"finished","0021_clear_permissions":"finished"}]
[65076][1574515183743][shared][info]["Migrations: Updated status in migration context",{"0000_initial":"finished","0001_add_archived_resources_table":"finished","0002_add_variable_sessions_table":"finished","0003_add_editor_tables":"finished","0004_migrate_ws_session_data":"finished","0005_cleanup_request_response_and_history_body":"finished","0006_add_dbp_to_request_response_and_history":"finished","0007_add_sync_client_buckets_by_order_id_table":"finished","0008_migrate_to_sync_client_buckets_by_order_id":"finished","0009_remove_sync_client_buckets_table":"finished","0010_add_history_owner":"finished","0011_add_history_response_table":"finished","0012_add_user_data_table":"finished","0013_sanitize_request_response_and_history_methods":"finished","0014_sanitize_response_requestobject_rawmodedata":"finished","0015_add_favorited_collections_table":"finished","0016_add_permission_table":"finished","0017_add_user_preferences_table":"finished","0018_index_header_presets":"finished","0019_migrate_favorite_collections_data":"finished","0020_migrate_sync_client_revision":"finished","0021_clear_permissions":"finished"}]
[65076][1574515183743][shared][info]["Migrations: Setting context before starting migration","0022_add_workspace_header_presets",{"0000_initial":"finished","0001_add_archived_resources_table":"finished","0002_add_variable_sessions_table":"finished","0003_add_editor_tables":"finished","0004_migrate_ws_session_data":"finished","0005_cleanup_request_response_and_history_body":"finished","0006_add_dbp_to_request_response_and_history":"finished","0007_add_sync_client_buckets_by_order_id_table":"finished","0008_migrate_to_sync_client_buckets_by_order_id":"finished","0009_remove_sync_client_buckets_table":"finished","0010_add_history_owner":"finished","0011_add_history_response_table":"finished","0012_add_user_data_table":"finished","0013_sanitize_request_response_and_history_methods":"finished","0014_sanitize_response_requestobject_rawmodedata":"finished","0015_add_favorited_collections_table":"finished","0016_add_permission_table":"finished","0017_add_user_preferences_table":"finished","0018_index_header_presets":"finished","0019_migrate_favorite_collections_data":"finished","0020_migrate_sync_client_revision":"finished","0021_clear_permissions":"finished","0022_add_workspace_header_presets":"started"}]
[65076][1574515183743][shared][info]["Migrations: Applying migration","0022_add_workspace_header_presets"]
[65076][1574515183743][shared][info]["Migrations: Processing IndexedDB data migration","0022_add_workspace_header_presets"]
[65076][1574515183744][shared][info]["Migration~HeaderPresets: Add workspace property in header presets"]
[65076][1574515183746][shared][info]["Migrations: Saving migration context after completion","0022_add_workspace_header_presets",{"0000_initial":"finished","0001_add_archived_resources_table":"finished","0002_add_variable_sessions_table":"finished","0003_add_editor_tables":"finished","0004_migrate_ws_session_data":"finished","0005_cleanup_request_response_and_history_body":"finished","0006_add_dbp_to_request_response_and_history":"finished","0007_add_sync_client_buckets_by_order_id_table":"finished","0008_migrate_to_sync_client_buckets_by_order_id":"finished","0009_remove_sync_client_buckets_table":"finished","0010_add_history_owner":"finished","0011_add_history_response_table":"finished","0012_add_user_data_table":"finished","0013_sanitize_request_response_and_history_methods":"finished","0014_sanitize_response_requestobject_rawmodedata":"finished","0015_add_favorited_collections_table":"finished","0016_add_permission_table":"finished","0017_add_user_preferences_table":"finished","0018_index_header_presets":"finished","0019_migrate_favorite_collections_data":"finished","0020_migrate_sync_client_revision":"finished","0021_clear_permissions":"finished","0022_add_workspace_header_presets":"started"}]
[65076][1574515183746][shared][info]["Migrations: Starting migration","0023_remove_collection_permissions_and_shared"]
[65076][1574515183746][shared][info]["Migrations: Flushing pending migrations for","0023_remove_collection_permissions_and_shared"]
[65076][1574515183747][shared][info]["Migrations: Updating status in migration context",{"0000_initial":"finished","0001_add_archived_resources_table":"finished","0002_add_variable_sessions_table":"finished","0003_add_editor_tables":"finished","0004_migrate_ws_session_data":"finished","0005_cleanup_request_response_and_history_body":"finished","0006_add_dbp_to_request_response_and_history":"finished","0007_add_sync_client_buckets_by_order_id_table":"finished","0008_migrate_to_sync_client_buckets_by_order_id":"finished","0009_remove_sync_client_buckets_table":"finished","0010_add_history_owner":"finished","0011_add_history_response_table":"finished","0012_add_user_data_table":"finished","0013_sanitize_request_response_and_history_methods":"finished","0014_sanitize_response_requestobject_rawmodedata":"finished","0015_add_favorited_collections_table":"finished","0016_add_permission_table":"finished","0017_add_user_preferences_table":"finished","0018_index_header_presets":"finished","0019_migrate_favorite_collections_data":"finished","0020_migrate_sync_client_revision":"finished","0021_clear_permissions":"finished","0022_add_workspace_header_presets":"finished"}]
[65076][1574515183747][shared][info]["Migrations: Updated status in migration context",{"0000_initial":"finished","0001_add_archived_resources_table":"finished","0002_add_variable_sessions_table":"finished","0003_add_editor_tables":"finished","0004_migrate_ws_session_data":"finished","0005_cleanup_request_response_and_history_body":"finished","0006_add_dbp_to_request_response_and_history":"finished","0007_add_sync_client_buckets_by_order_id_table":"finished","0008_migrate_to_sync_client_buckets_by_order_id":"finished","0009_remove_sync_client_buckets_table":"finished","0010_add_history_owner":"finished","0011_add_history_response_table":"finished","0012_add_user_data_table":"finished","0013_sanitize_request_response_and_history_methods":"finished","0014_sanitize_response_requestobject_rawmodedata":"finished","0015_add_favorited_collections_table":"finished","0016_add_permission_table":"finished","0017_add_user_preferences_table":"finished","0018_index_header_presets":"finished","0019_migrate_favorite_collections_data":"finished","0020_migrate_sync_client_revision":"finished","0021_clear_permissions":"finished","0022_add_workspace_header_presets":"finished"}]
[65076][1574515183747][shared][info]["Migrations: Setting context before starting migration","0023_remove_collection_permissions_and_shared",{"0000_initial":"finished","0001_add_archived_resources_table":"finished","0002_add_variable_sessions_table":"finished","0003_add_editor_tables":"finished","0004_migrate_ws_session_data":"finished","0005_cleanup_request_response_and_history_body":"finished","0006_add_dbp_to_request_response_and_history":"finished","0007_add_sync_client_buckets_by_order_id_table":"finished","0008_migrate_to_sync_client_buckets_by_order_id":"finished","0009_remove_sync_client_buckets_table":"finished","0010_add_history_owner":"finished","0011_add_history_response_table":"finished","0012_add_user_data_table":"finished","0013_sanitize_request_response_and_history_methods":"finished","0014_sanitize_response_requestobject_rawmodedata":"finished","0015_add_favorited_collections_table":"finished","0016_add_permission_table":"finished","0017_add_user_preferences_table":"finished","0018_index_header_presets":"finished","0019_migrate_favorite_collections_data":"finished","0020_migrate_sync_client_revision":"finished","0021_clear_permissions":"finished","0022_add_workspace_header_presets":"finished","0023_remove_collection_permissions_and_shared":"started"}]
[65076][1574515183747][shared][info]["Migrations: Applying migration","0023_remove_collection_permissions_and_shared"]
[65076][1574515183747][shared][info]["Migrations: Processing IndexedDB data migration","0023_remove_collection_permissions_and_shared"]
[65076][1574515183753][shared][info]["Migrations: Saving migration context after completion","0023_remove_collection_permissions_and_shared",{"0000_initial":"finished","0001_add_archived_resources_table":"finished","0002_add_variable_sessions_table":"finished","0003_add_editor_tables":"finished","0004_migrate_ws_session_data":"finished","0005_cleanup_request_response_and_history_body":"finished","0006_add_dbp_to_request_response_and_history":"finished","0007_add_sync_client_buckets_by_order_id_table":"finished","0008_migrate_to_sync_client_buckets_by_order_id":"finished","0009_remove_sync_client_buckets_table":"finished","0010_add_history_owner":"finished","0011_add_history_response_table":"finished","0012_add_user_data_table":"finished","0013_sanitize_request_response_and_history_methods":"finished","0014_sanitize_response_requestobject_rawmodedata":"finished","0015_add_favorited_collections_table":"finished","0016_add_permission_table":"finished","0017_add_user_preferences_table":"finished","0018_index_header_presets":"finished","0019_migrate_favorite_collections_data":"finished","0020_migrate_sync_client_revision":"finished","0021_clear_permissions":"finished","0022_add_workspace_header_presets":"finished","0023_remove_collection_permissions_and_shared":"started"}]
[65076][1574515183753][shared][info]["Migrations: Starting migration","0024_add_console_timelines_table"]
[65076][1574515183754][shared][info]["Migrations: Setting context before starting migration","0024_add_console_timelines_table",{"0000_initial":"finished","0001_add_archived_resources_table":"finished","0002_add_variable_sessions_table":"finished","0003_add_editor_tables":"finished","0004_migrate_ws_session_data":"finished","0005_cleanup_request_response_and_history_body":"finished","0006_add_dbp_to_request_response_and_history":"finished","0007_add_sync_client_buckets_by_order_id_table":"finished","0008_migrate_to_sync_client_buckets_by_order_id":"finished","0009_remove_sync_client_buckets_table":"finished","0010_add_history_owner":"finished","0011_add_history_response_table":"finished","0012_add_user_data_table":"finished","0013_sanitize_request_response_and_history_methods":"finished","0014_sanitize_response_requestobject_rawmodedata":"finished","0015_add_favorited_collections_table":"finished","0016_add_permission_table":"finished","0017_add_user_preferences_table":"finished","0018_index_header_presets":"finished","0019_migrate_favorite_collections_data":"finished","0020_migrate_sync_client_revision":"finished","0021_clear_permissions":"finished","0022_add_workspace_header_presets":"finished","0023_remove_collection_permissions_and_shared":"finished","0024_add_console_timelines_table":"started"}]
[65076][1574515183754][shared][info]["Migrations: Applying migration","0024_add_console_timelines_table"]
[65076][1574515183754][shared][info]["Migrations: Upgrading IndexedDB to version","0024_add_console_timelines_table",13]
[65076][1574515183755][shared][info]["Migrations: Adding pending commit to queue","0024_add_console_timelines_table"]
[65076][1574515183755][shared][info]["Migrations: Starting migration","0025_add_console_events_table"]
[65076][1574515183755][shared][info]["Migrations: Setting context before starting migration","0025_add_console_events_table",{"0000_initial":"finished","0001_add_archived_resources_table":"finished","0002_add_variable_sessions_table":"finished","0003_add_editor_tables":"finished","0004_migrate_ws_session_data":"finished","0005_cleanup_request_response_and_history_body":"finished","0006_add_dbp_to_request_response_and_history":"finished","0007_add_sync_client_buckets_by_order_id_table":"finished","0008_migrate_to_sync_client_buckets_by_order_id":"finished","0009_remove_sync_client_buckets_table":"finished","0010_add_history_owner":"finished","0011_add_history_response_table":"finished","0012_add_user_data_table":"finished","0013_sanitize_request_response_and_history_methods":"finished","0014_sanitize_response_requestobject_rawmodedata":"finished","0015_add_favorited_collections_table":"finished","0016_add_permission_table":"finished","0017_add_user_preferences_table":"finished","0018_index_header_presets":"finished","0019_migrate_favorite_collections_data":"finished","0020_migrate_sync_client_revision":"finished","0021_clear_permissions":"finished","0022_add_workspace_header_presets":"finished","0023_remove_collection_permissions_and_shared":"finished","0024_add_console_timelines_table":"started","0025_add_console_events_table":"started"}]
[65076][1574515183755][shared][info]["Migrations: Applying migration","0025_add_console_events_table"]
[65076][1574515183755][shared][info]["Migrations: Upgrading IndexedDB to version","0025_add_console_events_table",14]
[65076][1574515183757][shared][info]["Migrations: Adding pending commit to queue","0025_add_console_events_table"]
[65076][1574515183757][shared][info]["Migrations: Starting migration","0026_index_console_events"]
[65076][1574515183757][shared][info]["Migrations: Setting context before starting migration","0026_index_console_events",{"0000_initial":"finished","0001_add_archived_resources_table":"finished","0002_add_variable_sessions_table":"finished","0003_add_editor_tables":"finished","0004_migrate_ws_session_data":"finished","0005_cleanup_request_response_and_history_body":"finished","0006_add_dbp_to_request_response_and_history":"finished","0007_add_sync_client_buckets_by_order_id_table":"finished","0008_migrate_to_sync_client_buckets_by_order_id":"finished","0009_remove_sync_client_buckets_table":"finished","0010_add_history_owner":"finished","0011_add_history_response_table":"finished","0012_add_user_data_table":"finished","0013_sanitize_request_response_and_history_methods":"finished","0014_sanitize_response_requestobject_rawmodedata":"finished","0015_add_favorited_collections_table":"finished","0016_add_permission_table":"finished","0017_add_user_preferences_table":"finished","0018_index_header_presets":"finished","0019_migrate_favorite_collections_data":"finished","0020_migrate_sync_client_revision":"finished","0021_clear_permissions":"finished","0022_add_workspace_header_presets":"finished","0023_remove_collection_permissions_and_shared":"finished","0024_add_console_timelines_table":"started","0025_add_console_events_table":"started","0026_index_console_events":"started"}]
[65076][1574515183757][shared][info]["Migrations: Applying migration","0026_index_console_events"]
[65076][1574515183757][shared][info]["Migrations: Upgrading IndexedDB to version","0026_index_console_events",15]
[65076][1574515183758][shared][info]["Migrations: Adding pending commit to queue","0026_index_console_events"]
[65076][1574515183759][shared][info]["Migrations: Flushing pending commit steps"]
[65076][1574515183759][shared][info]["Migrations: Flushing pending commit for type","IndexeddbSchemaMigration"]
[65076][1574515183759][shared][info]["Migrations: Committing IndexedDB upgrade"]
[65076][1574515183772][shared][info]["Migrations: Updating status in migration context",{"0000_initial":"finished","0001_add_archived_resources_table":"finished","0002_add_variable_sessions_table":"finished","0003_add_editor_tables":"finished","0004_migrate_ws_session_data":"finished","0005_cleanup_request_response_and_history_body":"finished","0006_add_dbp_to_request_response_and_history":"finished","0007_add_sync_client_buckets_by_order_id_table":"finished","0008_migrate_to_sync_client_buckets_by_order_id":"finished","0009_remove_sync_client_buckets_table":"finished","0010_add_history_owner":"finished","0011_add_history_response_table":"finished","0012_add_user_data_table":"finished","0013_sanitize_request_response_and_history_methods":"finished","0014_sanitize_response_requestobject_rawmodedata":"finished","0015_add_favorited_collections_table":"finished","0016_add_permission_table":"finished","0017_add_user_preferences_table":"finished","0018_index_header_presets":"finished","0019_migrate_favorite_collections_data":"finished","0020_migrate_sync_client_revision":"finished","0021_clear_permissions":"finished","0022_add_workspace_header_presets":"finished","0023_remove_collection_permissions_and_shared":"finished","0024_add_console_timelines_table":"started","0025_add_console_events_table":"started","0026_index_console_events":"started"}]
[65076][1574515183773][shared][info]["Migrations: Updated status in migration context",{"0000_initial":"finished","0001_add_archived_resources_table":"finished","0002_add_variable_sessions_table":"finished","0003_add_editor_tables":"finished","0004_migrate_ws_session_data":"finished","0005_cleanup_request_response_and_history_body":"finished","0006_add_dbp_to_request_response_and_history":"finished","0007_add_sync_client_buckets_by_order_id_table":"finished","0008_migrate_to_sync_client_buckets_by_order_id":"finished","0009_remove_sync_client_buckets_table":"finished","0010_add_history_owner":"finished","0011_add_history_response_table":"finished","0012_add_user_data_table":"finished","0013_sanitize_request_response_and_history_methods":"finished","0014_sanitize_response_requestobject_rawmodedata":"finished","0015_add_favorited_collections_table":"finished","0016_add_permission_table":"finished","0017_add_user_preferences_table":"finished","0018_index_header_presets":"finished","0019_migrate_favorite_collections_data":"finished","0020_migrate_sync_client_revision":"finished","0021_clear_permissions":"finished","0022_add_workspace_header_presets":"finished","0023_remove_collection_permissions_and_shared":"finished","0024_add_console_timelines_table":"finished","0025_add_console_events_table":"finished","0026_index_console_events":"finished"}]
[65076][1574515183773][shared][info]["Migration: Finished all migrations"]
[65076][1574515183845][shared][info]["bootstrapModels - Success"]
[65076][1574515183845][shared][info]["WLModels~boot - Success"]
[65076][1574515183862][shared][info]["initializeConfigurationsValues - Success"]
[65076][1574515183865][shared][info]["Migrate - Bailed out due to:","FRESH_INSTALL"]
[65076][1574515183881][shared][info]["AppModels~boot - Success"]
[65076][1574515183883][shared][info]["SharedRuntimeListeners~boot - Success"]
[65076][1574515183897][shared][info]["Sync~boot - Success"]
[65076][1574515183898][shared][info]["Shared~boot - Success"]
[65076][1574515183898][shared][info]["booted - shared"]
[65076][1574515186336][shared][info]["UI pulled the session locked information on init"]
[24709][1574600426077][shared][info]["EventBus~initialize - Success"]
[24709][1574600426081][shared][info]["Messaging~boot - Success"]
[24709][1574600426103][shared][info]["bootCrashReporter~ Success"]
[24709][1574600426104][shared][info]["Telemetry~boot - Success"]
[24709][1574600426105][shared][info]["bootConfigurations~initialize - Success"]
[24709][1574600426107][shared][info]["Settings~boot - Success"]
[24709][1574600426108][shared][info]["Migrations: Skipping migrations. No migrations to apply."]
[24709][1574600426188][shared][info]["bootstrapModels - Success"]
[24709][1574600426188][shared][info]["WLModels~boot - Success"]
[24709][1574600426205][shared][info]["initializeConfigurationsValues - Success"]
[24709][1574600426208][shared][info]["Migrate - Bailed out due to:","FRESH_INSTALL"]
[24709][1574600426220][shared][info]["AppModels~boot - Success"]
[24709][1574600426221][shared][info]["SharedRuntimeListeners~boot - Success"]
[24709][1574600426263][shared][info]["Sync~boot - Success"]
[24709][1574600426264][shared][info]["Shared~boot - Success"]
[24709][1574600426264][shared][info]["booted - shared"]
[24709][1574600427861][shared][info]["AppUpdateHandler: Finished backing up user data"]
[24709][1574600429450][shared][info]["UI pulled the session locked information on init"]
[25191][1574600644310][shared][info]["EventBus~initialize - Success"]
[25191][1574600644312][shared][info]["Messaging~boot - Success"]
[25191][1574600644319][shared][info]["bootCrashReporter~ Success"]
[25191][1574600644320][shared][info]["Telemetry~boot - Success"]
[25191][1574600644321][shared][info]["bootConfigurations~initialize - Success"]
[25191][1574600644323][shared][info]["Settings~boot - Success"]
[25191][1574600644323][shared][info]["Migrations: Skipping migrations. No migrations to apply."]
[25191][1574600644402][shared][info]["bootstrapModels - Success"]
[25191][1574600644402][shared][info]["WLModels~boot - Success"]
[25191][1574600644420][shared][info]["initializeConfigurationsValues - Success"]
[25191][1574600644423][shared][info]["Migrate - Bailed out due to:","FRESH_INSTALL"]
[25191][1574600644435][shared][info]["AppModels~boot - Success"]
[25191][1574600644436][shared][info]["SharedRuntimeListeners~boot - Success"]
[25191][1574600644449][shared][info]["Sync~boot - Success"]
[25191][1574600644450][shared][info]["Shared~boot - Success"]
[25191][1574600644450][shared][info]["booted - shared"]
[25191][1574600647573][shared][info]["UI pulled the session locked information on init"]
[42030][1574605449419][shared][info]["EventBus~initialize - Success"]
[42030][1574605449420][shared][info]["Messaging~boot - Success"]
[42030][1574605449428][shared][info]["bootCrashReporter~ Success"]
[42030][1574605449429][shared][info]["Telemetry~boot - Success"]
[42030][1574605449431][shared][info]["bootConfigurations~initialize - Success"]
[42030][1574605449432][shared][info]["Settings~boot - Success"]
[42030][1574605449432][shared][info]["Migrations: Skipping migrations. No migrations to apply."]
[42030][1574605449507][shared][info]["bootstrapModels - Success"]
[42030][1574605449507][shared][info]["WLModels~boot - Success"]
[42030][1574605449530][shared][info]["initializeConfigurationsValues - Success"]
[42030][1574605449534][shared][info]["Migrate - Bailed out due to:","FRESH_INSTALL"]
[42030][1574605449547][shared][info]["AppModels~boot - Success"]
[42030][1574605449549][shared][info]["SharedRuntimeListeners~boot - Success"]
[42030][1574605449563][shared][info]["Sync~boot - Success"]
[42030][1574605449565][shared][info]["Shared~boot - Success"]
[42030][1574605449565][shared][info]["booted - shared"]
[42030][1574605452614][shared][info]["UI pulled the session locked information on init"]
[23656][1574665734112][shared][info]["EventBus~initialize - Success"]
[23656][1574665734115][shared][info]["Messaging~boot - Success"]
[23656][1574665734124][shared][info]["bootCrashReporter~ Success"]
[23656][1574665734126][shared][info]["Telemetry~boot - Success"]
[23656][1574665734126][shared][info]["bootConfigurations~initialize - Success"]
[23656][1574665734128][shared][info]["Settings~boot - Success"]
[23656][1574665734128][shared][info]["Migrations: Skipping migrations. No migrations to apply."]
[23656][1574665734204][shared][info]["bootstrapModels - Success"]
[23656][1574665734205][shared][info]["WLModels~boot - Success"]
[23656][1574665734232][shared][info]["initializeConfigurationsValues - Success"]
[23656][1574665734235][shared][info]["Migrate - Bailed out due to:","FRESH_INSTALL"]
[23656][1574665734246][shared][info]["AppModels~boot - Success"]
[23656][1574665734249][shared][info]["SharedRuntimeListeners~boot - Success"]
[23656][1574665734276][shared][info]["Sync~boot - Success"]
[23656][1574665734277][shared][info]["Shared~boot - Success"]
[23656][1574665734277][shared][info]["booted - shared"]
[23656][1574665737957][shared][info]["UI pulled the session locked information on init"]
[67652][1574688396589][shared][info]["EventBus~initialize - Success"]
[67652][1574688396591][shared][info]["Messaging~boot - Success"]
[67652][1574688396599][shared][info]["bootCrashReporter~ Success"]
[67652][1574688396601][shared][info]["Telemetry~boot - Success"]
[67652][1574688396601][shared][info]["bootConfigurations~initialize - Success"]
[67652][1574688396603][shared][info]["Settings~boot - Success"]
[67652][1574688396603][shared][info]["Migrations: Skipping migrations. No migrations to apply."]
[67652][1574688396690][shared][info]["bootstrapModels - Success"]
[67652][1574688396690][shared][info]["WLModels~boot - Success"]
[67652][1574688396712][shared][info]["initializeConfigurationsValues - Success"]
[67652][1574688396715][shared][info]["Migrate - Bailed out due to:","FRESH_INSTALL"]
[67652][1574688396727][shared][info]["AppModels~boot - Success"]
[67652][1574688396730][shared][info]["SharedRuntimeListeners~boot - Success"]
[67652][1574688396820][shared][info]["Sync~boot - Success"]
[67652][1574688396822][shared][info]["Shared~boot - Success"]
[67652][1574688396822][shared][info]["booted - shared"]
[67652][1574688399951][shared][info]["UI pulled the session locked information on init"]
[46068][1574768439247][shared][info]["EventBus~initialize - Success"]
[46068][1574768439249][shared][info]["Messaging~boot - Success"]
[46068][1574768439285][shared][info]["bootCrashReporter~ Success"]
[46068][1574768439286][shared][info]["Telemetry~boot - Success"]
[46068][1574768439287][shared][info]["bootConfigurations~initialize - Success"]
[46068][1574768439288][shared][info]["Settings~boot - Success"]
[46068][1574768439289][shared][info]["Migrations: Skipping migrations. No migrations to apply."]
[46068][1574768439359][shared][info]["bootstrapModels - Success"]
[46068][1574768439359][shared][info]["WLModels~boot - Success"]
[46068][1574768439379][shared][info]["initializeConfigurationsValues - Success"]
[46068][1574768439382][shared][info]["Migrate - Bailed out due to:","FRESH_INSTALL"]
[46068][1574768439394][shared][info]["AppModels~boot - Success"]
[46068][1574768439396][shared][info]["SharedRuntimeListeners~boot - Success"]
[46068][1574768439443][shared][info]["Sync~boot - Success"]
[46068][1574768439445][shared][info]["Shared~boot - Success"]
[46068][1574768439445][shared][info]["booted - shared"]
[46068][1574768442787][shared][info]["UI pulled the session locked information on init"]
